TN:
SF:/usr/include/c++/5/bits/stl_algobase.h
FN:219,_ZSt3maxImERKT_S2_S2_
FN:282,_ZSt12__niter_baseIP13tMaterialInfoENSt11_Niter_baseIT_E13iterator_typeES3_
FN:282,_ZSt12__niter_baseIP9t3DObjectENSt11_Niter_baseIT_E13iterator_typeES3_
FN:293,_ZSt12__miter_baseIP13tMaterialInfoENSt11_Miter_baseIT_E13iterator_typeES3_
FN:293,_ZSt12__miter_baseIP9t3DObjectENSt11_Miter_baseIT_E13iterator_typeES3_
FN:373,_ZNSt11__copy_moveILb0ELb1ESt26random_access_iterator_tagE8__copy_mI9t3DObjectEEPT_PKS4_S7_S5_
FN:373,_ZNSt11__copy_moveILb0ELb1ESt26random_access_iterator_tagE8__copy_mI13tMaterialInfoEEPT_PKS4_S7_S5_
FN:391,_ZSt13__copy_move_aILb0EP9t3DObjectS1_ET1_T0_S3_S2_
FN:391,_ZSt13__copy_move_aILb0EP13tMaterialInfoS1_ET1_T0_S3_S2_
FN:436,_ZSt14__copy_move_a2ILb0EP9t3DObjectS1_ET1_T0_S3_S2_
FN:436,_ZSt14__copy_move_a2ILb0EP13tMaterialInfoS1_ET1_T0_S3_S2_
FN:462,_ZSt4copyIP13tMaterialInfoS1_ET0_T_S3_S2_
FN:462,_ZSt4copyIP9t3DObjectS1_ET0_T_S3_S2_
FN:575,_ZNSt20__copy_move_backwardILb0ELb1ESt26random_access_iterator_tagE13__copy_move_bI13tMaterialInfoEEPT_PKS4_S7_S5_
FN:575,_ZNSt20__copy_move_backwardILb0ELb1ESt26random_access_iterator_tagE13__copy_move_bI9t3DObjectEEPT_PKS4_S7_S5_
FN:593,_ZSt22__copy_move_backward_aILb0EP9t3DObjectS1_ET1_T0_S3_S2_
FN:593,_ZSt22__copy_move_backward_aILb0EP13tMaterialInfoS1_ET1_T0_S3_S2_
FN:611,_ZSt23__copy_move_backward_a2ILb0EP13tMaterialInfoS1_ET1_T0_S3_S2_
FN:611,_ZSt23__copy_move_backward_a2ILb0EP9t3DObjectS1_ET1_T0_S3_S2_
FN:638,_ZSt13copy_backwardIP9t3DObjectS1_ET0_T_S3_S2_
FN:638,_ZSt13copy_backwardIP13tMaterialInfoS1_ET0_T_S3_S2_
FNDA:20,_ZSt3maxImERKT_S2_S2_
FNDA:6,_ZSt12__niter_baseIP9t3DObjectENSt11_Niter_baseIT_E13iterator_typeES3_
FNDA:6,_ZSt12__niter_baseIP13tMaterialInfoENSt11_Niter_baseIT_E13iterator_typeES3_
FNDA:4,_ZSt12__miter_baseIP9t3DObjectENSt11_Miter_baseIT_E13iterator_typeES3_
FNDA:4,_ZSt12__miter_baseIP13tMaterialInfoENSt11_Miter_baseIT_E13iterator_typeES3_
FNDA:2,_ZNSt11__copy_moveILb0ELb1ESt26random_access_iterator_tagE8__copy_mI9t3DObjectEEPT_PKS4_S7_S5_
FNDA:2,_ZNSt11__copy_moveILb0ELb1ESt26random_access_iterator_tagE8__copy_mI13tMaterialInfoEEPT_PKS4_S7_S5_
FNDA:2,_ZSt13__copy_move_aILb0EP9t3DObjectS1_ET1_T0_S3_S2_
FNDA:2,_ZSt13__copy_move_aILb0EP13tMaterialInfoS1_ET1_T0_S3_S2_
FNDA:2,_ZSt14__copy_move_a2ILb0EP9t3DObjectS1_ET1_T0_S3_S2_
FNDA:2,_ZSt14__copy_move_a2ILb0EP13tMaterialInfoS1_ET1_T0_S3_S2_
FNDA:2,_ZSt4copyIP9t3DObjectS1_ET0_T_S3_S2_
FNDA:2,_ZSt4copyIP13tMaterialInfoS1_ET0_T_S3_S2_
FNDA:0,_ZNSt20__copy_move_backwardILb0ELb1ESt26random_access_iterator_tagE13__copy_move_bI9t3DObjectEEPT_PKS4_S7_S5_
FNDA:0,_ZNSt20__copy_move_backwardILb0ELb1ESt26random_access_iterator_tagE13__copy_move_bI13tMaterialInfoEEPT_PKS4_S7_S5_
FNDA:0,_ZSt22__copy_move_backward_aILb0EP9t3DObjectS1_ET1_T0_S3_S2_
FNDA:0,_ZSt22__copy_move_backward_aILb0EP13tMaterialInfoS1_ET1_T0_S3_S2_
FNDA:0,_ZSt23__copy_move_backward_a2ILb0EP9t3DObjectS1_ET1_T0_S3_S2_
FNDA:0,_ZSt23__copy_move_backward_a2ILb0EP13tMaterialInfoS1_ET1_T0_S3_S2_
FNDA:0,_ZSt13copy_backwardIP9t3DObjectS1_ET0_T_S3_S2_
FNDA:0,_ZSt13copy_backwardIP13tMaterialInfoS1_ET0_T_S3_S2_
FNF:21
FNH:13
DA:219,20
DA:224,20
DA:225,3
DA:226,17
DA:282,12
DA:283,12
DA:293,8
DA:294,8
DA:373,4
DA:382,4
DA:383,4
DA:384,0
DA:385,4
DA:391,4
DA:399,4
DA:402,4
DA:436,4
DA:438,4
DA:440,4
DA:462,4
DA:471,4
DA:472,4
DA:575,0
DA:584,0
DA:585,0
DA:586,0
DA:587,0
DA:593,0
DA:601,0
DA:606,0
DA:611,0
DA:614,0
DA:615,0
DA:638,0
DA:649,0
DA:650,0
LF:36
LH:21
end_of_record
SF:/usr/include/c++/5/bits/stl_construct.h
FN:112,_ZNSt12_Destroy_auxILb1EE9__destroyIP13tMaterialInfoEEvT_S4_
FN:112,_ZNSt12_Destroy_auxILb1EE9__destroyIP9t3DObjectEEvT_S4_
FN:122,_ZSt8_DestroyIP9t3DObjectEvT_S2_
FN:122,_ZSt8_DestroyIP13tMaterialInfoEvT_S2_
FN:148,_ZSt8_DestroyIP9t3DObjectS0_EvT_S2_RSaIT0_E
FN:148,_ZSt8_DestroyIP13tMaterialInfoS0_EvT_S2_RSaIT0_E
FNDA:2,_ZNSt12_Destroy_auxILb1EE9__destroyIP9t3DObjectEEvT_S4_
FNDA:2,_ZNSt12_Destroy_auxILb1EE9__destroyIP13tMaterialInfoEEvT_S4_
FNDA:2,_ZSt8_DestroyIP9t3DObjectEvT_S2_
FNDA:2,_ZSt8_DestroyIP13tMaterialInfoEvT_S2_
FNDA:2,_ZSt8_DestroyIP9t3DObjectS0_EvT_S2_RSaIT0_E
FNDA:2,_ZSt8_DestroyIP13tMaterialInfoS0_EvT_S2_RSaIT0_E
FNF:6
FNH:6
DA:112,4
DA:122,4
DA:126,4
DA:128,4
DA:148,4
DA:151,4
DA:152,4
LF:7
LH:7
end_of_record
SF:/usr/include/c++/5/bits/stl_iterator.h
FN:740,_ZN9__gnu_cxx17__normal_iteratorIP9t3DObjectSt6vectorIS1_SaIS1_EEEC2ERKS2_
FN:740,_ZN9__gnu_cxx17__normal_iteratorIP13tMaterialInfoSt6vectorIS1_SaIS1_EEEC2ERKS2_
FN:753,_ZNK9__gnu_cxx17__normal_iteratorIP9t3DObjectSt6vectorIS1_SaIS1_EEEdeEv
FN:753,_ZNK9__gnu_cxx17__normal_iteratorIP13tMaterialInfoSt6vectorIS1_SaIS1_EEEdeEv
FN:805,_ZNK9__gnu_cxx17__normal_iteratorIP13tMaterialInfoSt6vectorIS1_SaIS1_EEE4baseEv
FN:805,_ZNK9__gnu_cxx17__normal_iteratorIP9t3DObjectSt6vectorIS1_SaIS1_EEE4baseEv
FN:923,_ZN9__gnu_cxxmiIP13tMaterialInfoSt6vectorIS1_SaIS1_EEEENS_17__normal_iteratorIT_T0_E15difference_typeERKS9_SC_
FN:923,_ZN9__gnu_cxxmiIP9t3DObjectSt6vectorIS1_SaIS1_EEEENS_17__normal_iteratorIT_T0_E15difference_typeERKS9_SC_
FNDA:2,_ZN9__gnu_cxx17__normal_iteratorIP9t3DObjectSt6vectorIS1_SaIS1_EEEC2ERKS2_
FNDA:2,_ZN9__gnu_cxx17__normal_iteratorIP13tMaterialInfoSt6vectorIS1_SaIS1_EEEC2ERKS2_
FNDA:0,_ZNK9__gnu_cxx17__normal_iteratorIP9t3DObjectSt6vectorIS1_SaIS1_EEEdeEv
FNDA:0,_ZNK9__gnu_cxx17__normal_iteratorIP13tMaterialInfoSt6vectorIS1_SaIS1_EEEdeEv
FNDA:4,_ZNK9__gnu_cxx17__normal_iteratorIP9t3DObjectSt6vectorIS1_SaIS1_EEE4baseEv
FNDA:4,_ZNK9__gnu_cxx17__normal_iteratorIP13tMaterialInfoSt6vectorIS1_SaIS1_EEE4baseEv
FNDA:1,_ZN9__gnu_cxxmiIP9t3DObjectSt6vectorIS1_SaIS1_EEEENS_17__normal_iteratorIT_T0_E15difference_typeERKS9_SC_
FNDA:1,_ZN9__gnu_cxxmiIP13tMaterialInfoSt6vectorIS1_SaIS1_EEEENS_17__normal_iteratorIT_T0_E15difference_typeERKS9_SC_
FNF:8
FNH:6
DA:740,4
DA:741,4
DA:753,0
DA:754,0
DA:805,8
DA:806,8
DA:923,2
DA:926,2
LF:8
LH:6
end_of_record
SF:/usr/include/c++/5/bits/stl_iterator_base_types.h
FN:215,_ZNSt10_Iter_baseIP13tMaterialInfoLb0EE7_S_baseES1_
FN:215,_ZNSt10_Iter_baseIP9t3DObjectLb0EE7_S_baseES1_
FNDA:10,_ZNSt10_Iter_baseIP9t3DObjectLb0EE7_S_baseES1_
FNDA:10,_ZNSt10_Iter_baseIP13tMaterialInfoLb0EE7_S_baseES1_
FNF:2
FNH:2
DA:215,20
DA:216,20
LF:2
LH:2
end_of_record
SF:/usr/include/c++/5/bits/stl_uninitialized.h
FN:91,_ZNSt20__uninitialized_copyILb1EE13__uninit_copyIP9t3DObjectS3_EET0_T_S5_S4_
FN:91,_ZNSt20__uninitialized_copyILb1EE13__uninit_copyIP13tMaterialInfoS3_EET0_T_S5_S4_
FN:107,_ZSt18uninitialized_copyIP13tMaterialInfoS1_ET0_T_S3_S2_
FN:107,_ZSt18uninitialized_copyIP9t3DObjectS1_ET0_T_S3_S2_
FN:279,_ZSt22__uninitialized_copy_aIP9t3DObjectS1_S0_ET0_T_S3_S2_RSaIT1_E
FN:279,_ZSt22__uninitialized_copy_aIP13tMaterialInfoS1_S0_ET0_T_S3_S2_RSaIT1_E
FN:297,_ZSt34__uninitialized_move_if_noexcept_aIP13tMaterialInfoS1_SaIS0_EET0_T_S4_S3_RT1_
FN:297,_ZSt34__uninitialized_move_if_noexcept_aIP9t3DObjectS1_SaIS0_EET0_T_S4_S3_RT1_
FNDA:2,_ZNSt20__uninitialized_copyILb1EE13__uninit_copyIP9t3DObjectS3_EET0_T_S5_S4_
FNDA:2,_ZNSt20__uninitialized_copyILb1EE13__uninit_copyIP13tMaterialInfoS3_EET0_T_S5_S4_
FNDA:2,_ZSt18uninitialized_copyIP9t3DObjectS1_ET0_T_S3_S2_
FNDA:2,_ZSt18uninitialized_copyIP13tMaterialInfoS1_ET0_T_S3_S2_
FNDA:2,_ZSt22__uninitialized_copy_aIP9t3DObjectS1_S0_ET0_T_S3_S2_RSaIT1_E
FNDA:2,_ZSt22__uninitialized_copy_aIP13tMaterialInfoS1_S0_ET0_T_S3_S2_RSaIT1_E
FNDA:2,_ZSt34__uninitialized_move_if_noexcept_aIP9t3DObjectS1_SaIS0_EET0_T_S4_S3_RT1_
FNDA:2,_ZSt34__uninitialized_move_if_noexcept_aIP13tMaterialInfoS1_SaIS0_EET0_T_S4_S3_RT1_
FNF:8
FNH:8
DA:91,4
DA:93,4
DA:107,4
DA:115,4
DA:126,4
DA:279,4
DA:281,4
DA:297,4
DA:304,4
LF:9
LH:9
end_of_record
SF:/usr/include/c++/5/bits/stl_vector.h
FN:113,_ZNSt12_Vector_baseI13tMaterialInfoSaIS0_EE19_M_get_Tp_allocatorEv
FN:113,_ZNSt12_Vector_baseI9t3DObjectSaIS0_EE19_M_get_Tp_allocatorEv
FN:117,_ZNKSt12_Vector_baseI13tMaterialInfoSaIS0_EE19_M_get_Tp_allocatorEv
FN:117,_ZNKSt12_Vector_baseI9t3DObjectSaIS0_EE19_M_get_Tp_allocatorEv
FN:167,_ZNSt12_Vector_baseI9t3DObjectSaIS0_EE11_M_allocateEm
FN:167,_ZNSt12_Vector_baseI13tMaterialInfoSaIS0_EE11_M_allocateEm
FN:174,_ZNSt12_Vector_baseI9t3DObjectSaIS0_EE13_M_deallocateEPS0_m
FN:174,_ZNSt12_Vector_baseI13tMaterialInfoSaIS0_EE13_M_deallocateEPS0_m
FN:547,_ZNSt6vectorI13tMaterialInfoSaIS0_EE5beginEv
FN:547,_ZNSt6vectorI9t3DObjectSaIS0_EE5beginEv
FN:565,_ZNSt6vectorI9t3DObjectSaIS0_EE3endEv
FN:565,_ZNSt6vectorI13tMaterialInfoSaIS0_EE3endEv
FN:654,_ZNKSt6vectorI13tMaterialInfoSaIS0_EE4sizeEv
FN:654,_ZNKSt6vectorI9t3DObjectSaIS0_EE4sizeEv
FN:659,_ZNKSt6vectorI13tMaterialInfoSaIS0_EE8max_sizeEv
FN:659,_ZNKSt6vectorI9t3DObjectSaIS0_EE8max_sizeEv
FN:779,_ZNSt6vectorI9t3DObjectSaIS0_EEixEm
FN:779,_ZNSt6vectorI13tMaterialInfoSaIS0_EEixEm
FN:913,_ZNSt6vectorI13tMaterialInfoSaIS0_EE9push_backERKS0_
FN:913,_ZNSt6vectorI9t3DObjectSaIS0_EE9push_backERKS0_
FN:1422,_ZNKSt6vectorI13tMaterialInfoSaIS0_EE12_M_check_lenEmPKc
FN:1422,_ZNKSt6vectorI9t3DObjectSaIS0_EE12_M_check_lenEmPKc
FNDA:4,_ZNSt12_Vector_baseI9t3DObjectSaIS0_EE19_M_get_Tp_allocatorEv
FNDA:4,_ZNSt12_Vector_baseI13tMaterialInfoSaIS0_EE19_M_get_Tp_allocatorEv
FNDA:2,_ZNKSt12_Vector_baseI9t3DObjectSaIS0_EE19_M_get_Tp_allocatorEv
FNDA:2,_ZNKSt12_Vector_baseI13tMaterialInfoSaIS0_EE19_M_get_Tp_allocatorEv
FNDA:1,_ZNSt12_Vector_baseI9t3DObjectSaIS0_EE11_M_allocateEm
FNDA:1,_ZNSt12_Vector_baseI13tMaterialInfoSaIS0_EE11_M_allocateEm
FNDA:2,_ZNSt12_Vector_baseI9t3DObjectSaIS0_EE13_M_deallocateEPS0_m
FNDA:2,_ZNSt12_Vector_baseI13tMaterialInfoSaIS0_EE13_M_deallocateEPS0_m
FNDA:1,_ZNSt6vectorI9t3DObjectSaIS0_EE5beginEv
FNDA:1,_ZNSt6vectorI13tMaterialInfoSaIS0_EE5beginEv
FNDA:1,_ZNSt6vectorI9t3DObjectSaIS0_EE3endEv
FNDA:1,_ZNSt6vectorI13tMaterialInfoSaIS0_EE3endEv
FNDA:5,_ZNKSt6vectorI9t3DObjectSaIS0_EE4sizeEv
FNDA:4,_ZNKSt6vectorI13tMaterialInfoSaIS0_EE4sizeEv
FNDA:2,_ZNKSt6vectorI9t3DObjectSaIS0_EE8max_sizeEv
FNDA:2,_ZNKSt6vectorI13tMaterialInfoSaIS0_EE8max_sizeEv
FNDA:8,_ZNSt6vectorI13tMaterialInfoSaIS0_EEixEm
FNDA:5,_ZNSt6vectorI9t3DObjectSaIS0_EEixEm
FNDA:1,_ZNSt6vectorI9t3DObjectSaIS0_EE9push_backERKS0_
FNDA:1,_ZNSt6vectorI13tMaterialInfoSaIS0_EE9push_backERKS0_
FNDA:1,_ZNKSt6vectorI9t3DObjectSaIS0_EE12_M_check_lenEmPKc
FNDA:1,_ZNKSt6vectorI13tMaterialInfoSaIS0_EE12_M_check_lenEmPKc
FNF:22
FNH:22
DA:113,8
DA:114,8
DA:117,4
DA:118,4
DA:167,2
DA:170,2
DA:174,4
DA:177,4
DA:178,2
DA:179,4
DA:547,2
DA:548,2
DA:565,2
DA:566,2
DA:654,9
DA:655,9
DA:659,4
DA:660,4
DA:779,13
DA:780,13
DA:913,2
DA:915,2
DA:917,0
DA:919,0
DA:925,2
DA:927,2
DA:1422,2
DA:1424,2
DA:1425,0
DA:1427,2
DA:1428,2
LF:31
LH:28
end_of_record
SF:/usr/include/c++/5/bits/vector.tcc
FN:326,_ZNSt6vectorI13tMaterialInfoSaIS0_EE13_M_insert_auxEN9__gnu_cxx17__normal_iteratorIPS0_S2_EERKS0_
FN:326,_ZNSt6vectorI9t3DObjectSaIS0_EE13_M_insert_auxEN9__gnu_cxx17__normal_iteratorIPS0_S2_EERKS0_
FNDA:1,_ZNSt6vectorI9t3DObjectSaIS0_EE13_M_insert_auxEN9__gnu_cxx17__normal_iteratorIPS0_S2_EERKS0_
FNDA:1,_ZNSt6vectorI13tMaterialInfoSaIS0_EE13_M_insert_auxEN9__gnu_cxx17__normal_iteratorIPS0_S2_EERKS0_
FNF:2
FNH:2
DA:326,2
DA:330,2
DA:332,0
DA:333,0
DA:335,0
DA:337,0
DA:339,0
DA:343,0
DA:351,2
DA:352,2
DA:353,2
DA:354,2
DA:361,2
DA:368,2
DA:370,2
DA:372,2
DA:373,2
DA:375,2
DA:377,2
DA:379,2
DA:380,2
DA:382,0
DA:384,0
DA:385,0
DA:388,0
DA:389,0
DA:390,0
DA:392,2
DA:393,2
DA:394,4
DA:396,4
DA:397,2
DA:398,2
DA:399,2
DA:401,2
LF:35
LH:23
end_of_record
SF:/usr/include/c++/5/ext/alloc_traits.h
FN:181,_ZN9__gnu_cxx14__alloc_traitsISaI13tMaterialInfoEE8allocateERS2_m
FN:181,_ZN9__gnu_cxx14__alloc_traitsISaI9t3DObjectEE8allocateERS2_m
FN:184,_ZN9__gnu_cxx14__alloc_traitsISaI9t3DObjectEE10deallocateERS2_PS1_m
FN:184,_ZN9__gnu_cxx14__alloc_traitsISaI13tMaterialInfoEE10deallocateERS2_PS1_m
FN:188,_ZN9__gnu_cxx14__alloc_traitsISaI13tMaterialInfoEE9constructIS1_EEvRS2_PS1_RKT_
FN:188,_ZN9__gnu_cxx14__alloc_traitsISaI9t3DObjectEE9constructIS1_EEvRS2_PS1_RKT_
FN:191,_ZN9__gnu_cxx14__alloc_traitsISaI13tMaterialInfoEE7destroyERS2_PS1_
FN:191,_ZN9__gnu_cxx14__alloc_traitsISaI9t3DObjectEE7destroyERS2_PS1_
FN:194,_ZN9__gnu_cxx14__alloc_traitsISaI13tMaterialInfoEE8max_sizeERKS2_
FN:194,_ZN9__gnu_cxx14__alloc_traitsISaI9t3DObjectEE8max_sizeERKS2_
FNDA:1,_ZN9__gnu_cxx14__alloc_traitsISaI9t3DObjectEE8allocateERS2_m
FNDA:1,_ZN9__gnu_cxx14__alloc_traitsISaI13tMaterialInfoEE8allocateERS2_m
FNDA:1,_ZN9__gnu_cxx14__alloc_traitsISaI9t3DObjectEE10deallocateERS2_PS1_m
FNDA:1,_ZN9__gnu_cxx14__alloc_traitsISaI13tMaterialInfoEE10deallocateERS2_PS1_m
FNDA:1,_ZN9__gnu_cxx14__alloc_traitsISaI9t3DObjectEE9constructIS1_EEvRS2_PS1_RKT_
FNDA:1,_ZN9__gnu_cxx14__alloc_traitsISaI13tMaterialInfoEE9constructIS1_EEvRS2_PS1_RKT_
FNDA:0,_ZN9__gnu_cxx14__alloc_traitsISaI9t3DObjectEE7destroyERS2_PS1_
FNDA:0,_ZN9__gnu_cxx14__alloc_traitsISaI13tMaterialInfoEE7destroyERS2_PS1_
FNDA:2,_ZN9__gnu_cxx14__alloc_traitsISaI9t3DObjectEE8max_sizeERKS2_
FNDA:2,_ZN9__gnu_cxx14__alloc_traitsISaI13tMaterialInfoEE8max_sizeERKS2_
FNF:10
FNH:8
DA:181,2
DA:182,2
DA:184,2
DA:185,2
DA:188,2
DA:189,2
DA:191,0
DA:192,0
DA:194,4
DA:195,4
LF:10
LH:8
end_of_record
SF:/usr/include/c++/5/ext/new_allocator.h
FN:99,_ZN9__gnu_cxx13new_allocatorI13tMaterialInfoE8allocateEmPKv
FN:99,_ZN9__gnu_cxx13new_allocatorI9t3DObjectE8allocateEmPKv
FN:109,_ZN9__gnu_cxx13new_allocatorI13tMaterialInfoE10deallocateEPS1_m
FN:109,_ZN9__gnu_cxx13new_allocatorI9t3DObjectE10deallocateEPS1_m
FN:113,_ZNK9__gnu_cxx13new_allocatorI9t3DObjectE8max_sizeEv
FN:113,_ZNK9__gnu_cxx13new_allocatorI13tMaterialInfoE8max_sizeEv
FN:129,_ZN9__gnu_cxx13new_allocatorI9t3DObjectE9constructEPS1_RKS1_
FN:129,_ZN9__gnu_cxx13new_allocatorI13tMaterialInfoE9constructEPS1_RKS1_
FN:133,_ZN9__gnu_cxx13new_allocatorI9t3DObjectE7destroyEPS1_
FN:133,_ZN9__gnu_cxx13new_allocatorI13tMaterialInfoE7destroyEPS1_
FNDA:1,_ZN9__gnu_cxx13new_allocatorI9t3DObjectE8allocateEmPKv
FNDA:1,_ZN9__gnu_cxx13new_allocatorI13tMaterialInfoE8allocateEmPKv
FNDA:1,_ZN9__gnu_cxx13new_allocatorI9t3DObjectE10deallocateEPS1_m
FNDA:1,_ZN9__gnu_cxx13new_allocatorI13tMaterialInfoE10deallocateEPS1_m
FNDA:3,_ZNK9__gnu_cxx13new_allocatorI9t3DObjectE8max_sizeEv
FNDA:3,_ZNK9__gnu_cxx13new_allocatorI13tMaterialInfoE8max_sizeEv
FNDA:1,_ZN9__gnu_cxx13new_allocatorI9t3DObjectE9constructEPS1_RKS1_
FNDA:1,_ZN9__gnu_cxx13new_allocatorI13tMaterialInfoE9constructEPS1_RKS1_
FNDA:0,_ZN9__gnu_cxx13new_allocatorI9t3DObjectE7destroyEPS1_
FNDA:0,_ZN9__gnu_cxx13new_allocatorI13tMaterialInfoE7destroyEPS1_
FNF:10
FNH:8
DA:99,2
DA:101,2
DA:102,0
DA:104,2
DA:109,2
DA:110,2
DA:113,6
DA:114,6
DA:129,2
DA:130,2
DA:133,0
LF:11
LH:9
end_of_record
SF:/usr/include/c++/5/new
FN:129,_ZnwmPv
FNDA:69453,_ZnwmPv
FNF:1
FNH:1
DA:129,69453
DA:130,69453
LF:2
LH:2
end_of_record
SF:/disk2/graphdev/TLRender/Render3DRdc02/3DS.cpp
FN:7,_Z11empty_chunkP6tChunk
FN:12,_ZN8CLoad3DSC2Ev
FN:19,_ZN8CLoad3DS9Import3DSEP8t3DModelPc
FN:64,_ZN8CLoad3DS7CleanUpEv
FN:75,_ZN8CLoad3DS16ProcessNextChunkEP8t3DModelP6tChunk
FN:180,_ZN8CLoad3DS22ProcessNextObjectChunkEP8t3DModelP9t3DObjectP6tChunk
FN:242,_ZN8CLoad3DS24ProcessNextMaterialChunkEP8t3DModelP6tChunk
FN:297,_ZN8CLoad3DS9ReadChunkEP6tChunk
FN:307,_ZN8CLoad3DS9GetStringEPc
FN:327,_ZN8CLoad3DS14ReadColorChunkEP13tMaterialInfoP6tChunk
FN:340,_ZN8CLoad3DS17ReadVertexIndicesEP9t3DObjectP6tChunk
FN:370,_ZN8CLoad3DS17ReadUVCoordinatesEP9t3DObjectP6tChunk
FN:385,_ZN8CLoad3DS12ReadVerticesEP9t3DObjectP6tChunk
FN:419,_ZN8CLoad3DS18ReadObjectMaterialEP8t3DModelP9t3DObjectP6tChunk
FN:463,_Z6Vector8CVector3S_
FN:475,_Z9AddVector8CVector3S_
FN:487,_Z20DivideVectorByScaler8CVector3f
FN:499,_Z5Cross8CVector3S_
FN:513,_Z9Normalize8CVector3
FN:527,_ZN8CLoad3DS14ComputeNormalsEP8t3DModel
FNDA:8,_Z11empty_chunkP6tChunk
FNDA:1,_ZN8CLoad3DSC2Ev
FNDA:1,_ZN8CLoad3DS9Import3DSEP8t3DModelPc
FNDA:1,_ZN8CLoad3DS7CleanUpEv
FNDA:2,_ZN8CLoad3DS16ProcessNextChunkEP8t3DModelP6tChunk
FNDA:2,_ZN8CLoad3DS22ProcessNextObjectChunkEP8t3DModelP9t3DObjectP6tChunk
FNDA:2,_ZN8CLoad3DS24ProcessNextMaterialChunkEP8t3DModelP6tChunk
FNDA:34,_ZN8CLoad3DS9ReadChunkEP6tChunk
FNDA:2,_ZN8CLoad3DS9GetStringEPc
FNDA:1,_ZN8CLoad3DS14ReadColorChunkEP13tMaterialInfoP6tChunk
FNDA:1,_ZN8CLoad3DS17ReadVertexIndicesEP9t3DObjectP6tChunk
FNDA:1,_ZN8CLoad3DS17ReadUVCoordinatesEP9t3DObjectP6tChunk
FNDA:1,_ZN8CLoad3DS12ReadVerticesEP9t3DObjectP6tChunk
FNDA:1,_ZN8CLoad3DS18ReadObjectMaterialEP8t3DModelP9t3DObjectP6tChunk
FNDA:6372,_Z6Vector8CVector3S_
FNDA:9558,_Z9AddVector8CVector3S_
FNDA:1683,_Z20DivideVectorByScaler8CVector3f
FNDA:3186,_Z5Cross8CVector3S_
FNDA:4869,_Z9Normalize8CVector3
FNDA:1,_ZN8CLoad3DS14ComputeNormalsEP8t3DModel
FNF:20
FNH:20
DA:7,8
DA:9,8
DA:10,8
DA:12,1
DA:14,1
DA:15,1
DA:16,1
DA:19,1
DA:21,1
DA:24,1
DA:27,1
DA:29,0
DA:31,0
DA:38,1
DA:41,1
DA:43,0
DA:45,0
DA:51,1
DA:54,1
DA:57,1
DA:59,1
DA:64,1
DA:67,1
DA:68,1
DA:69,1
DA:70,1
DA:75,2
DA:77,2
DA:78,2
DA:79,2
DA:80,2
DA:82,2
DA:84,2
DA:89,14
DA:92,6
DA:95,6
DA:102,1
DA:107,1
DA:112,1
DA:115,1
DA:118,1
DA:121,1
DA:122,1
DA:127,1
DA:130,1
DA:133,1
DA:134,1
DA:141,1
DA:144,1
DA:147,1
DA:150,1
DA:153,1
DA:154,1
DA:159,1
DA:160,1
DA:165,1
DA:166,1
DA:170,6
DA:174,2
DA:175,2
DA:176,2
DA:180,2
DA:182,2
DA:185,2
DA:188,16
DA:191,7
DA:194,7
DA:199,1
DA:200,1
DA:203,1
DA:204,1
DA:207,1
DA:208,1
DA:216,1
DA:217,1
DA:222,1
DA:223,1
DA:228,2
DA:229,2
DA:233,7
DA:237,2
DA:238,2
DA:239,2
DA:242,2
DA:244,2
DA:247,2
DA:250,38
DA:253,18
DA:256,18
DA:261,1
DA:262,1
DA:265,1
DA:266,1
DA:271,1
DA:272,1
DA:277,1
DA:278,1
DA:283,14
DA:284,14
DA:288,18
DA:292,2
DA:293,2
DA:294,2
DA:297,34
DA:300,34
DA:303,34
DA:304,34
DA:307,2
DA:309,2
DA:312,2
DA:315,36
DA:318,17
DA:322,2
DA:327,1
DA:330,1
DA:333,1
DA:336,1
DA:337,1
DA:340,1
DA:342,1
DA:345,1
DA:348,1
DA:349,1
DA:352,3187
DA:354,15930
DA:357,12744
DA:359,12744
DA:362,9558
DA:366,1
DA:370,1
DA:375,1
DA:378,1
DA:381,1
DA:382,1
DA:385,1
DA:390,1
DA:393,1
DA:394,1
DA:397,1
DA:404,1684
DA:407,1683
DA:410,1683
DA:413,1683
DA:415,1
DA:419,1
DA:421,1
DA:422,1
DA:427,1
DA:430,1
DA:433,1
DA:436,1
DA:439,1
DA:442,1
DA:444,1
DA:449,0
DA:453,1
DA:454,1
DA:463,6372
DA:467,6372
DA:468,6372
DA:469,6372
DA:471,6372
DA:475,9558
DA:479,9558
DA:480,9558
DA:481,9558
DA:483,9558
DA:487,1683
DA:491,1683
DA:492,1683
DA:493,1683
DA:495,1683
DA:499,3186
DA:503,3186
DA:505,3186
DA:507,3186
DA:509,3186
DA:513,4869
DA:517,4869
DA:519,4869
DA:520,4869
DA:521,4869
DA:523,4869
DA:527,1
DA:532,1
DA:533,0
DA:536,2
DA:539,1
DA:542,1
DA:543,1
DA:544,1
DA:547,3187
DA:549,3186
DA:550,3186
DA:551,3186
DA:555,3186
DA:556,3186
DA:558,3186
DA:559,3186
DA:560,3186
DA:562,3186
DA:566,1
DA:567,1
DA:568,1
DA:570,1684
DA:572,5363721
DA:574,10720890
DA:575,10714518
DA:576,5355666
DA:578,9558
DA:579,9558
DA:583,1683
DA:586,1683
DA:588,1683
DA:589,1683
DA:593,1
DA:594,1
LF:217
LH:211
end_of_record
TN:
SF:/usr/include/c++/5/bits/allocator.h
FN:113,_ZNSaI8triangleEC2Ev
FN:113,_ZNSaI13tMaterialInfoEC2Ev
FN:113,_ZNSaI9t3DObjectEC2Ev
FN:121,_ZNSaI8triangleED2Ev
FN:121,_ZNSaI13tMaterialInfoED2Ev
FN:121,_ZNSaI9t3DObjectED2Ev
FNDA:1,_ZNSaI8triangleEC2Ev
FNDA:1,_ZNSaI9t3DObjectEC2Ev
FNDA:1,_ZNSaI13tMaterialInfoEC2Ev
FNDA:1,_ZNSaI8triangleED2Ev
FNDA:1,_ZNSaI9t3DObjectED2Ev
FNDA:1,_ZNSaI13tMaterialInfoED2Ev
FNF:6
FNH:6
DA:113,3
DA:121,3
LF:2
LH:2
end_of_record
SF:/usr/include/c++/5/bits/basic_string.h
FN:4783,_ZStplIcSt11char_traitsIcESaIcEENSt7__cxx1112basic_stringIT_T0_T1_EERKS8_SA_
FNDA:1,_ZStplIcSt11char_traitsIcESaIcEENSt7__cxx1112basic_stringIT_T0_T1_EERKS8_SA_
FNF:1
FNH:1
DA:4783,1
DA:4786,1
DA:4787,1
DA:4788,1
LF:4
LH:4
end_of_record
SF:/usr/include/c++/5/bits/ios_base.h
FN:129,_ZStorSt13_Ios_OpenmodeS_
FNDA:1,_ZStorSt13_Ios_OpenmodeS_
FNF:1
FNH:1
DA:129,1
DA:130,1
LF:2
LH:2
end_of_record
SF:/usr/include/c++/5/bits/postypes.h
FN:133,_ZNSt4fposI11__mbstate_tEC2El
FNDA:1,_ZNSt4fposI11__mbstate_tEC2El
FNF:1
FNH:1
DA:133,1
DA:134,1
LF:2
LH:2
end_of_record
SF:/usr/include/c++/5/bits/stl_algobase.h
FN:219,_ZSt3maxImERKT_S2_S2_
FN:282,_ZSt12__niter_baseIP8triangleENSt11_Niter_baseIT_E13iterator_typeES3_
FN:293,_ZSt12__miter_baseIP8triangleENSt11_Miter_baseIT_E13iterator_typeES3_
FN:373,_ZNSt11__copy_moveILb0ELb1ESt26random_access_iterator_tagE8__copy_mI8triangleEEPT_PKS4_S7_S5_
FN:391,_ZSt13__copy_move_aILb0EP8triangleS1_ET1_T0_S3_S2_
FN:436,_ZSt14__copy_move_a2ILb0EP8triangleS1_ET1_T0_S3_S2_
FN:462,_ZSt4copyIP8triangleS1_ET0_T_S3_S2_
FN:575,_ZNSt20__copy_move_backwardILb0ELb1ESt26random_access_iterator_tagE13__copy_move_bI8triangleEEPT_PKS4_S7_S5_
FN:593,_ZSt22__copy_move_backward_aILb0EP8triangleS1_ET1_T0_S3_S2_
FN:611,_ZSt23__copy_move_backward_a2ILb0EP8triangleS1_ET1_T0_S3_S2_
FN:638,_ZSt13copy_backwardIP8triangleS1_ET0_T_S3_S2_
FNDA:0,_ZSt3maxImERKT_S2_S2_
FNDA:108,_ZSt12__niter_baseIP8triangleENSt11_Niter_baseIT_E13iterator_typeES3_
FNDA:72,_ZSt12__miter_baseIP8triangleENSt11_Miter_baseIT_E13iterator_typeES3_
FNDA:36,_ZNSt11__copy_moveILb0ELb1ESt26random_access_iterator_tagE8__copy_mI8triangleEEPT_PKS4_S7_S5_
FNDA:36,_ZSt13__copy_move_aILb0EP8triangleS1_ET1_T0_S3_S2_
FNDA:36,_ZSt14__copy_move_a2ILb0EP8triangleS1_ET1_T0_S3_S2_
FNDA:36,_ZSt4copyIP8triangleS1_ET0_T_S3_S2_
FNDA:0,_ZNSt20__copy_move_backwardILb0ELb1ESt26random_access_iterator_tagE13__copy_move_bI8triangleEEPT_PKS4_S7_S5_
FNDA:0,_ZSt22__copy_move_backward_aILb0EP8triangleS1_ET1_T0_S3_S2_
FNDA:0,_ZSt23__copy_move_backward_a2ILb0EP8triangleS1_ET1_T0_S3_S2_
FNDA:0,_ZSt13copy_backwardIP8triangleS1_ET0_T_S3_S2_
FNF:11
FNH:6
DA:219,0
DA:224,0
DA:225,0
DA:226,0
DA:282,108
DA:283,108
DA:293,72
DA:294,72
DA:373,36
DA:382,36
DA:383,36
DA:384,17
DA:385,36
DA:391,36
DA:399,36
DA:402,36
DA:436,36
DA:438,36
DA:440,36
DA:462,36
DA:471,36
DA:472,36
DA:575,0
DA:584,0
DA:585,0
DA:586,0
DA:587,0
DA:593,0
DA:601,0
DA:606,0
DA:611,0
DA:614,0
DA:615,0
DA:638,0
DA:649,0
DA:650,0
LF:36
LH:18
end_of_record
SF:/usr/include/c++/5/bits/stl_construct.h
FN:112,_ZNSt12_Destroy_auxILb1EE9__destroyIP13tMaterialInfoEEvT_S4_
FN:112,_ZNSt12_Destroy_auxILb1EE9__destroyIP8triangleEEvT_S4_
FN:112,_ZNSt12_Destroy_auxILb1EE9__destroyIP9t3DObjectEEvT_S4_
FN:122,_ZSt8_DestroyIP13tMaterialInfoEvT_S2_
FN:122,_ZSt8_DestroyIP8triangleEvT_S2_
FN:122,_ZSt8_DestroyIP9t3DObjectEvT_S2_
FN:148,_ZSt8_DestroyIP8triangleS0_EvT_S2_RSaIT0_E
FN:148,_ZSt8_DestroyIP13tMaterialInfoS0_EvT_S2_RSaIT0_E
FN:148,_ZSt8_DestroyIP9t3DObjectS0_EvT_S2_RSaIT0_E
FNDA:19,_ZNSt12_Destroy_auxILb1EE9__destroyIP8triangleEEvT_S4_
FNDA:0,_ZNSt12_Destroy_auxILb1EE9__destroyIP9t3DObjectEEvT_S4_
FNDA:0,_ZNSt12_Destroy_auxILb1EE9__destroyIP13tMaterialInfoEEvT_S4_
FNDA:19,_ZSt8_DestroyIP8triangleEvT_S2_
FNDA:0,_ZSt8_DestroyIP9t3DObjectEvT_S2_
FNDA:0,_ZSt8_DestroyIP13tMaterialInfoEvT_S2_
FNDA:19,_ZSt8_DestroyIP8triangleS0_EvT_S2_RSaIT0_E
FNDA:0,_ZSt8_DestroyIP9t3DObjectS0_EvT_S2_RSaIT0_E
FNDA:0,_ZSt8_DestroyIP13tMaterialInfoS0_EvT_S2_RSaIT0_E
FNF:9
FNH:3
DA:112,19
DA:122,19
DA:126,19
DA:128,19
DA:148,19
DA:151,19
DA:152,19
LF:7
LH:7
end_of_record
SF:/usr/include/c++/5/bits/stl_iterator.h
FN:740,_ZN9__gnu_cxx17__normal_iteratorIP8triangleSt6vectorIS1_SaIS1_EEEC2ERKS2_
FN:753,_ZNK9__gnu_cxx17__normal_iteratorIP8triangleSt6vectorIS1_SaIS1_EEEdeEv
FN:805,_ZNK9__gnu_cxx17__normal_iteratorIP8triangleSt6vectorIS1_SaIS1_EEE4baseEv
FN:923,_ZN9__gnu_cxxmiIP8triangleSt6vectorIS1_SaIS1_EEEENS_17__normal_iteratorIT_T0_E15difference_typeERKS9_SC_
FNDA:36,_ZN9__gnu_cxx17__normal_iteratorIP8triangleSt6vectorIS1_SaIS1_EEEC2ERKS2_
FNDA:0,_ZNK9__gnu_cxx17__normal_iteratorIP8triangleSt6vectorIS1_SaIS1_EEEdeEv
FNDA:72,_ZNK9__gnu_cxx17__normal_iteratorIP8triangleSt6vectorIS1_SaIS1_EEE4baseEv
FNDA:18,_ZN9__gnu_cxxmiIP8triangleSt6vectorIS1_SaIS1_EEEENS_17__normal_iteratorIT_T0_E15difference_typeERKS9_SC_
FNF:4
FNH:3
DA:740,36
DA:741,36
DA:753,0
DA:754,0
DA:805,72
DA:806,72
DA:923,18
DA:926,18
LF:8
LH:6
end_of_record
SF:/usr/include/c++/5/bits/stl_iterator_base_types.h
FN:215,_ZNSt10_Iter_baseIP8triangleLb0EE7_S_baseES1_
FNDA:180,_ZNSt10_Iter_baseIP8triangleLb0EE7_S_baseES1_
FNF:1
FNH:1
DA:215,180
DA:216,180
LF:2
LH:2
end_of_record
SF:/usr/include/c++/5/bits/stl_uninitialized.h
FN:91,_ZNSt20__uninitialized_copyILb1EE13__uninit_copyIP8triangleS3_EET0_T_S5_S4_
FN:107,_ZSt18uninitialized_copyIP8triangleS1_ET0_T_S3_S2_
FN:279,_ZSt22__uninitialized_copy_aIP8triangleS1_S0_ET0_T_S3_S2_RSaIT1_E
FN:297,_ZSt34__uninitialized_move_if_noexcept_aIP8triangleS1_SaIS0_EET0_T_S4_S3_RT1_
FNDA:36,_ZNSt20__uninitialized_copyILb1EE13__uninit_copyIP8triangleS3_EET0_T_S5_S4_
FNDA:36,_ZSt18uninitialized_copyIP8triangleS1_ET0_T_S3_S2_
FNDA:36,_ZSt22__uninitialized_copy_aIP8triangleS1_S0_ET0_T_S3_S2_RSaIT1_E
FNDA:36,_ZSt34__uninitialized_move_if_noexcept_aIP8triangleS1_SaIS0_EET0_T_S4_S3_RT1_
FNF:4
FNH:4
DA:91,36
DA:93,36
DA:107,36
DA:115,36
DA:126,36
DA:279,36
DA:281,36
DA:297,36
DA:304,36
LF:9
LH:9
end_of_record
SF:/usr/include/c++/5/bits/stl_vector.h
FN:79,_ZNSt12_Vector_baseI13tMaterialInfoSaIS0_EE12_Vector_implD2Ev
FN:79,_ZNSt12_Vector_baseI8triangleSaIS0_EE12_Vector_implD2Ev
FN:79,_ZNSt12_Vector_baseI9t3DObjectSaIS0_EE12_Vector_implD2Ev
FN:86,_ZNSt12_Vector_baseI9t3DObjectSaIS0_EE12_Vector_implC2Ev
FN:86,_ZNSt12_Vector_baseI13tMaterialInfoSaIS0_EE12_Vector_implC2Ev
FN:86,_ZNSt12_Vector_baseI8triangleSaIS0_EE12_Vector_implC2Ev
FN:113,_ZNSt12_Vector_baseI13tMaterialInfoSaIS0_EE19_M_get_Tp_allocatorEv
FN:113,_ZNSt12_Vector_baseI9t3DObjectSaIS0_EE19_M_get_Tp_allocatorEv
FN:113,_ZNSt12_Vector_baseI8triangleSaIS0_EE19_M_get_Tp_allocatorEv
FN:117,_ZNKSt12_Vector_baseI8triangleSaIS0_EE19_M_get_Tp_allocatorEv
FN:124,_ZNSt12_Vector_baseI8triangleSaIS0_EEC2Ev
FN:124,_ZNSt12_Vector_baseI9t3DObjectSaIS0_EEC2Ev
FN:124,_ZNSt12_Vector_baseI13tMaterialInfoSaIS0_EEC2Ev
FN:159,_ZNSt12_Vector_baseI13tMaterialInfoSaIS0_EED2Ev
FN:159,_ZNSt12_Vector_baseI8triangleSaIS0_EED2Ev
FN:159,_ZNSt12_Vector_baseI9t3DObjectSaIS0_EED2Ev
FN:167,_ZNSt12_Vector_baseI8triangleSaIS0_EE11_M_allocateEm
FN:174,_ZNSt12_Vector_baseI9t3DObjectSaIS0_EE13_M_deallocateEPS0_m
FN:174,_ZNSt12_Vector_baseI13tMaterialInfoSaIS0_EE13_M_deallocateEPS0_m
FN:174,_ZNSt12_Vector_baseI8triangleSaIS0_EE13_M_deallocateEPS0_m
FN:253,_ZNSt6vectorI9t3DObjectSaIS0_EEC2Ev
FN:253,_ZNSt6vectorI8triangleSaIS0_EEC2Ev
FN:253,_ZNSt6vectorI13tMaterialInfoSaIS0_EEC2Ev
FN:423,_ZNSt6vectorI8triangleSaIS0_EED2Ev
FN:423,_ZNSt6vectorI13tMaterialInfoSaIS0_EED2Ev
FN:423,_ZNSt6vectorI9t3DObjectSaIS0_EED2Ev
FN:547,_ZNSt6vectorI8triangleSaIS0_EE5beginEv
FN:565,_ZNSt6vectorI8triangleSaIS0_EE3endEv
FN:654,_ZNKSt6vectorI9t3DObjectSaIS0_EE4sizeEv
FN:654,_ZNKSt6vectorI8triangleSaIS0_EE4sizeEv
FN:654,_ZNKSt6vectorI13tMaterialInfoSaIS0_EE4sizeEv
FN:659,_ZNKSt6vectorI8triangleSaIS0_EE8max_sizeEv
FN:779,_ZNSt6vectorI8triangleSaIS0_EEixEm
FN:779,_ZNSt6vectorI9t3DObjectSaIS0_EEixEm
FN:779,_ZNSt6vectorI13tMaterialInfoSaIS0_EEixEm
FN:913,_ZNSt6vectorI8triangleSaIS0_EE9push_backERKS0_
FN:1422,_ZNKSt6vectorI8triangleSaIS0_EE12_M_check_lenEmPKc
FNDA:1,_ZNSt12_Vector_baseI8triangleSaIS0_EE12_Vector_implD2Ev
FNDA:1,_ZNSt12_Vector_baseI9t3DObjectSaIS0_EE12_Vector_implD2Ev
FNDA:1,_ZNSt12_Vector_baseI13tMaterialInfoSaIS0_EE12_Vector_implD2Ev
FNDA:1,_ZNSt12_Vector_baseI8triangleSaIS0_EE12_Vector_implC2Ev
FNDA:1,_ZNSt12_Vector_baseI9t3DObjectSaIS0_EE12_Vector_implC2Ev
FNDA:1,_ZNSt12_Vector_baseI13tMaterialInfoSaIS0_EE12_Vector_implC2Ev
FNDA:55,_ZNSt12_Vector_baseI8triangleSaIS0_EE19_M_get_Tp_allocatorEv
FNDA:0,_ZNSt12_Vector_baseI9t3DObjectSaIS0_EE19_M_get_Tp_allocatorEv
FNDA:0,_ZNSt12_Vector_baseI13tMaterialInfoSaIS0_EE19_M_get_Tp_allocatorEv
FNDA:36,_ZNKSt12_Vector_baseI8triangleSaIS0_EE19_M_get_Tp_allocatorEv
FNDA:1,_ZNSt12_Vector_baseI8triangleSaIS0_EEC2Ev
FNDA:1,_ZNSt12_Vector_baseI9t3DObjectSaIS0_EEC2Ev
FNDA:1,_ZNSt12_Vector_baseI13tMaterialInfoSaIS0_EEC2Ev
FNDA:1,_ZNSt12_Vector_baseI8triangleSaIS0_EED2Ev
FNDA:1,_ZNSt12_Vector_baseI9t3DObjectSaIS0_EED2Ev
FNDA:1,_ZNSt12_Vector_baseI13tMaterialInfoSaIS0_EED2Ev
FNDA:18,_ZNSt12_Vector_baseI8triangleSaIS0_EE11_M_allocateEm
FNDA:0,_ZNSt12_Vector_baseI9t3DObjectSaIS0_EE13_M_deallocateEPS0_m
FNDA:0,_ZNSt12_Vector_baseI13tMaterialInfoSaIS0_EE13_M_deallocateEPS0_m
FNDA:19,_ZNSt12_Vector_baseI8triangleSaIS0_EE13_M_deallocateEPS0_m
FNDA:1,_ZNSt6vectorI8triangleSaIS0_EEC2Ev
FNDA:1,_ZNSt6vectorI9t3DObjectSaIS0_EEC2Ev
FNDA:1,_ZNSt6vectorI13tMaterialInfoSaIS0_EEC2Ev
FNDA:1,_ZNSt6vectorI8triangleSaIS0_EED2Ev
FNDA:1,_ZNSt6vectorI9t3DObjectSaIS0_EED2Ev
FNDA:1,_ZNSt6vectorI13tMaterialInfoSaIS0_EED2Ev
FNDA:18,_ZNSt6vectorI8triangleSaIS0_EE5beginEv
FNDA:18,_ZNSt6vectorI8triangleSaIS0_EE3endEv
FNDA:0,_ZNKSt6vectorI13tMaterialInfoSaIS0_EE4sizeEv
FNDA:0,_ZNKSt6vectorI9t3DObjectSaIS0_EE4sizeEv
FNDA:69524,_ZNKSt6vectorI8triangleSaIS0_EE4sizeEv
FNDA:36,_ZNKSt6vectorI8triangleSaIS0_EE8max_sizeEv
FNDA:1250118,_ZNSt6vectorI8triangleSaIS0_EEixEm
FNDA:0,_ZNSt6vectorI13tMaterialInfoSaIS0_EEixEm
FNDA:0,_ZNSt6vectorI9t3DObjectSaIS0_EEixEm
FNDA:69451,_ZNSt6vectorI8triangleSaIS0_EE9push_backERKS0_
FNDA:18,_ZNKSt6vectorI8triangleSaIS0_EE12_M_check_lenEmPKc
FNF:37
FNH:29
DA:79,3
DA:86,3
DA:87,3
DA:88,3
DA:113,55
DA:114,55
DA:117,36
DA:118,36
DA:124,3
DA:125,3
DA:159,3
DA:160,6
DA:161,9
DA:167,18
DA:170,18
DA:174,19
DA:177,19
DA:178,18
DA:179,19
DA:253,3
DA:257,3
DA:423,3
DA:424,3
DA:425,6
DA:547,18
DA:548,18
DA:565,18
DA:566,18
DA:654,69524
DA:655,69524
DA:659,36
DA:660,36
DA:779,1250118
DA:780,1250118
DA:913,69451
DA:915,69451
DA:917,69433
DA:919,69433
DA:925,18
DA:927,69451
DA:1422,18
DA:1424,18
DA:1425,0
DA:1427,18
DA:1428,18
LF:45
LH:44
end_of_record
SF:/usr/include/c++/5/bits/vector.tcc
FN:326,_ZNSt6vectorI8triangleSaIS0_EE13_M_insert_auxEN9__gnu_cxx17__normal_iteratorIPS0_S2_EERKS0_
FNDA:18,_ZNSt6vectorI8triangleSaIS0_EE13_M_insert_auxEN9__gnu_cxx17__normal_iteratorIPS0_S2_EERKS0_
FNF:1
FNH:1
DA:326,18
DA:330,18
DA:332,0
DA:333,0
DA:335,0
DA:337,0
DA:339,0
DA:343,0
DA:351,18
DA:352,18
DA:353,18
DA:354,18
DA:361,18
DA:368,18
DA:370,18
DA:372,18
DA:373,18
DA:375,18
DA:377,18
DA:379,18
DA:380,18
DA:382,0
DA:384,0
DA:385,0
DA:388,0
DA:389,0
DA:390,0
DA:392,18
DA:393,18
DA:394,36
DA:396,36
DA:397,18
DA:398,18
DA:399,18
DA:401,18
LF:35
LH:23
end_of_record
SF:/usr/include/c++/5/ext/alloc_traits.h
FN:181,_ZN9__gnu_cxx14__alloc_traitsISaI8triangleEE8allocateERS2_m
FN:184,_ZN9__gnu_cxx14__alloc_traitsISaI9t3DObjectEE10deallocateERS2_PS1_m
FN:184,_ZN9__gnu_cxx14__alloc_traitsISaI8triangleEE10deallocateERS2_PS1_m
FN:184,_ZN9__gnu_cxx14__alloc_traitsISaI13tMaterialInfoEE10deallocateERS2_PS1_m
FN:188,_ZN9__gnu_cxx14__alloc_traitsISaI8triangleEE9constructIS1_EEvRS2_PS1_RKT_
FN:191,_ZN9__gnu_cxx14__alloc_traitsISaI8triangleEE7destroyERS2_PS1_
FN:194,_ZN9__gnu_cxx14__alloc_traitsISaI8triangleEE8max_sizeERKS2_
FNDA:18,_ZN9__gnu_cxx14__alloc_traitsISaI8triangleEE8allocateERS2_m
FNDA:0,_ZN9__gnu_cxx14__alloc_traitsISaI9t3DObjectEE10deallocateERS2_PS1_m
FNDA:0,_ZN9__gnu_cxx14__alloc_traitsISaI13tMaterialInfoEE10deallocateERS2_PS1_m
FNDA:18,_ZN9__gnu_cxx14__alloc_traitsISaI8triangleEE10deallocateERS2_PS1_m
FNDA:69451,_ZN9__gnu_cxx14__alloc_traitsISaI8triangleEE9constructIS1_EEvRS2_PS1_RKT_
FNDA:0,_ZN9__gnu_cxx14__alloc_traitsISaI8triangleEE7destroyERS2_PS1_
FNDA:36,_ZN9__gnu_cxx14__alloc_traitsISaI8triangleEE8max_sizeERKS2_
FNF:7
FNH:4
DA:181,18
DA:182,18
DA:184,18
DA:185,18
DA:188,69451
DA:189,69451
DA:191,0
DA:192,0
DA:194,36
DA:195,36
LF:10
LH:8
end_of_record
SF:/usr/include/c++/5/ext/new_allocator.h
FN:79,_ZN9__gnu_cxx13new_allocatorI9t3DObjectEC2Ev
FN:79,_ZN9__gnu_cxx13new_allocatorI8triangleEC2Ev
FN:79,_ZN9__gnu_cxx13new_allocatorI13tMaterialInfoEC2Ev
FN:86,_ZN9__gnu_cxx13new_allocatorI13tMaterialInfoED2Ev
FN:86,_ZN9__gnu_cxx13new_allocatorI9t3DObjectED2Ev
FN:86,_ZN9__gnu_cxx13new_allocatorI8triangleED2Ev
FN:99,_ZN9__gnu_cxx13new_allocatorI8triangleE8allocateEmPKv
FN:109,_ZN9__gnu_cxx13new_allocatorI8triangleE10deallocateEPS1_m
FN:109,_ZN9__gnu_cxx13new_allocatorI13tMaterialInfoE10deallocateEPS1_m
FN:109,_ZN9__gnu_cxx13new_allocatorI9t3DObjectE10deallocateEPS1_m
FN:113,_ZNK9__gnu_cxx13new_allocatorI8triangleE8max_sizeEv
FN:129,_ZN9__gnu_cxx13new_allocatorI8triangleE9constructEPS1_RKS1_
FN:133,_ZN9__gnu_cxx13new_allocatorI8triangleE7destroyEPS1_
FNDA:1,_ZN9__gnu_cxx13new_allocatorI8triangleEC2Ev
FNDA:1,_ZN9__gnu_cxx13new_allocatorI9t3DObjectEC2Ev
FNDA:1,_ZN9__gnu_cxx13new_allocatorI13tMaterialInfoEC2Ev
FNDA:1,_ZN9__gnu_cxx13new_allocatorI8triangleED2Ev
FNDA:1,_ZN9__gnu_cxx13new_allocatorI9t3DObjectED2Ev
FNDA:1,_ZN9__gnu_cxx13new_allocatorI13tMaterialInfoED2Ev
FNDA:18,_ZN9__gnu_cxx13new_allocatorI8triangleE8allocateEmPKv
FNDA:0,_ZN9__gnu_cxx13new_allocatorI9t3DObjectE10deallocateEPS1_m
FNDA:0,_ZN9__gnu_cxx13new_allocatorI13tMaterialInfoE10deallocateEPS1_m
FNDA:18,_ZN9__gnu_cxx13new_allocatorI8triangleE10deallocateEPS1_m
FNDA:54,_ZNK9__gnu_cxx13new_allocatorI8triangleE8max_sizeEv
FNDA:69451,_ZN9__gnu_cxx13new_allocatorI8triangleE9constructEPS1_RKS1_
FNDA:0,_ZN9__gnu_cxx13new_allocatorI8triangleE7destroyEPS1_
FNF:13
FNH:10
DA:79,3
DA:86,3
DA:99,18
DA:101,18
DA:102,0
DA:104,18
DA:109,18
DA:110,18
DA:113,54
DA:114,54
DA:129,69451
DA:130,69451
DA:133,0
LF:13
LH:11
end_of_record
SF:/usr/include/c++/5/iostream
DA:74,1
LF:1
LH:1
end_of_record
SF:/usr/include/c++/5/new
FN:129,_ZnwmPv
FNDA:0,_ZnwmPv
FNF:1
FNH:0
DA:129,0
DA:130,0
LF:2
LH:0
end_of_record
SF:/disk2/graphdev/TLRender/Render3DRdc02/3DS.h
FN:66,_ZN8t3DModelC2Ev
FN:66,_ZN8t3DModelD2Ev
FNDA:1,_ZN8t3DModelD2Ev
FNDA:1,_ZN8t3DModelC2Ev
FNF:2
FNH:2
DA:66,2
LF:1
LH:1
end_of_record
SF:/disk2/graphdev/TLRender/Render3DRdc02/TyGL/x11imp.h
FN:40,_Z13tkSwapBuffersv
FN:45,_Z13glXMakeDrawOkPvii
FN:193,_Z7ui_loopiPPcPKc
FNDA:1,_Z13tkSwapBuffersv
FNDA:1,_Z13glXMakeDrawOkPvii
FNDA:1,_Z7ui_loopiPPcPKc
FNF:3
FNH:3
DA:40,1
DA:42,1
DA:43,1
DA:45,1
DA:48,1
DA:57,1
DA:66,1
DA:67,1
DA:73,1
DA:78,1
DA:79,1
DA:81,1
DA:82,1
DA:83,1
DA:86,1
DA:87,1
DA:88,0
DA:89,0
DA:95,1
DA:96,1
DA:98,1
DA:99,1
DA:100,1
DA:101,1
DA:104,1
DA:105,1
DA:107,1
DA:110,1
DA:193,1
DA:212,1
DA:219,1
DA:220,1
DA:241,1
DA:243,1
DA:244,1
DA:246,1
LF:36
LH:34
end_of_record
SF:/disk2/graphdev/TLRender/Render3DRdc02/c24bitmap.h
FN:472,_ZN9C24BitMapC2Ev
FN:482,_ZN9C24BitMapD2Ev
FN:513,_ZN9C24BitMap4LoadEPc
FNDA:0,_ZN9C24BitMapC2Ev
FNDA:0,_ZN9C24BitMapD2Ev
FNDA:1,_ZN9C24BitMap4LoadEPc
FNF:3
FNH:1
DA:472,0
DA:474,0
DA:475,0
DA:476,0
DA:477,0
DA:478,0
DA:479,0
DA:480,0
DA:482,0
DA:484,0
DA:485,0
DA:513,1
DA:515,1
DA:518,1
DA:520,1
DA:521,1
DA:525,1
DA:526,1
DA:528,1
DA:530,0
DA:531,0
DA:533,1
DA:534,1
DA:535,1
DA:536,1
DA:537,1
LF:26
LH:13
end_of_record
SF:/disk2/graphdev/TLRender/Render3DRdc02/main.cpp
FN:33,_Z13CreateTexturePjPci
FN:83,_Z11RenderScenev
FN:159,_Z7reshapeii
FN:181,_Z4initv
FN:218,_Z11drawPolygonPA3_f
FN:231,_Z12SurfSetColorfff
FN:254,_Z15StlShape_RenderRSt6vectorI8triangleSaIS0_EE
FN:286,_Z14Test_TRIANGLESv
FN:320,_Z9SetCamerav
FN:333,main
FN:455,_Z41__static_initialization_and_destruction_0ii
FN:455,_GLOBAL__sub_I__Z13tkSwapBuffersv
FNDA:1,_Z13CreateTexturePjPci
FNDA:1,_Z11RenderScenev
FNDA:2,_Z7reshapeii
FNDA:1,_Z4initv
FNDA:33,_Z11drawPolygonPA3_f
FNDA:4,_Z12SurfSetColorfff
FNDA:1,_Z15StlShape_RenderRSt6vectorI8triangleSaIS0_EE
FNDA:1,_Z14Test_TRIANGLESv
FNDA:1,_Z9SetCamerav
FNDA:1,main
FNDA:1,_GLOBAL__sub_I__Z13tkSwapBuffersv
FNDA:1,_Z41__static_initialization_and_destruction_0ii
FNF:12
FNH:12
DA:17,1
DA:18,1
DA:25,1
DA:33,1
DA:37,1
DA:38,0
DA:40,1
DA:43,1
DA:46,1
DA:48,1
DA:60,1
DA:61,1
DA:62,1
DA:63,1
DA:67,1
DA:69,2
DA:83,1
DA:96,2
DA:99,1
DA:102,1
DA:105,1
DA:108,1
DA:109,1
DA:110,1
DA:111,1
DA:115,0
DA:116,0
DA:119,1
DA:121,3187
DA:124,12744
DA:127,9558
DA:130,9558
DA:133,9558
DA:136,9558
DA:137,9558
DA:141,0
DA:143,0
DA:144,0
DA:147,9558
DA:151,1
DA:155,1
DA:157,1
DA:159,2
DA:161,2
DA:163,0
DA:166,2
DA:168,2
DA:169,2
DA:170,2
DA:172,2
DA:173,2
DA:174,2
DA:181,1
DA:184,1
DA:187,2
DA:190,1
DA:193,1
DA:197,1
DA:200,1
DA:201,1
DA:202,1
DA:204,1
DA:218,33
DA:221,33
DA:222,33
DA:224,165
DA:225,132
DA:226,33
DA:228,33
DA:231,4
DA:240,4
DA:242,4
DA:244,4
DA:245,4
DA:246,4
DA:247,4
DA:248,4
DA:250,4
DA:252,4
DA:254,1
DA:261,1
DA:262,69452
DA:265,277804
DA:268,208353
DA:270,416706
DA:271,208353
DA:272,416706
DA:281,1
DA:284,1
DA:286,1
DA:292,1
DA:302,1
DA:304,1
DA:306,1
DA:316,1
DA:319,1
DA:320,1
DA:322,1
DA:323,1
DA:325,1
DA:327,1
DA:328,1
DA:329,1
DA:330,1
DA:332,1
DA:333,1
DA:335,1
DA:342,1
DA:343,1
DA:346,1
DA:355,1
DA:356,1
DA:358,1
DA:362,1
DA:363,1
DA:364,1
DA:365,1
DA:366,1
DA:367,1
DA:368,1
DA:369,1
DA:370,1
DA:371,1
DA:376,1
DA:378,1
DA:379,1
DA:380,1
DA:381,1
DA:382,1
DA:383,1
DA:384,1
DA:386,1
DA:387,1
DA:390,1
DA:393,1
DA:394,1
DA:395,1
DA:396,1
DA:397,1
DA:398,1
DA:399,1
DA:401,1
DA:402,1
DA:405,1
DA:410,2
DA:412,2
DA:413,1
DA:415,1
DA:416,1
DA:417,1
DA:418,1
DA:419,11
DA:421,10
DA:425,10
DA:427,1
DA:428,1
DA:429,11
DA:431,10
DA:435,10
DA:437,1
DA:438,1
DA:440,11
DA:442,10
DA:446,10
DA:448,1
DA:449,1
DA:451,1
DA:452,1
DA:453,1
DA:454,1
DA:455,3
LF:171
LH:164
end_of_record
SF:/disk2/graphdev/TLRender/Render3DRdc02/readstl.h
FN:28,_Z7Add3DPt5vec3dS_
FN:37,_ZplRK5vec3dS1_
FN:55,_Z20read_binary_STL_fileNSt7__cxx1112basic_stringIcSt11char_traitsIcESaIcEEERSt6vectorI8triangleSaIS6_EERdSA_SA_SA_SA_SA_
FNDA:0,_Z7Add3DPt5vec3dS_
FNDA:0,_ZplRK5vec3dS1_
FNDA:1,_Z20read_binary_STL_fileNSt7__cxx1112basic_stringIcSt11char_traitsIcESaIcEEERSt6vectorI8triangleSaIS6_EERdSA_SA_SA_SA_SA_
FNF:3
FNH:1
DA:28,0
DA:31,0
DA:32,0
DA:33,0
DA:34,0
DA:37,0
DA:39,0
DA:55,1
DA:59,2
DA:62,2
DA:67,1
DA:71,1
DA:73,0
DA:74,0
DA:78,1
DA:82,1
DA:92,1
DA:93,1
DA:94,1
DA:99,69452
DA:102,69451
DA:103,69451
DA:104,69451
DA:107,69451
DA:108,69451
DA:109,69451
DA:112,69451
DA:113,69451
DA:114,69451
DA:117,69451
DA:118,69451
DA:119,69451
DA:122,69451
DA:125,69451
DA:126,69451
DA:127,69451
DA:128,69451
DA:129,69451
DA:130,69451
DA:133,69451
DA:134,69451
DA:135,69451
DA:136,69451
DA:137,69451
DA:138,69451
DA:141,69451
DA:142,69451
DA:143,69451
DA:144,69451
DA:145,69451
DA:146,69451
DA:149,69451
DA:153,1
DA:155,1
LF:54
LH:45
end_of_record
TN:
SF:/disk2/graphdev/TLRender/Render3DRdc02/TyGL/image_util.cpp
FN:7,_Z23gl_convertRGB_to_5R6G5BPtPhii
FN:21,_Z25gl_convertRGB_to_8A8R8G8BPjPhii
FN:44,_ZL11interpolateiiiii
FN:54,_Z14gl_resizeImagePhiiS_ii
FN:105,_Z27gl_resizeImageNoInterpolatePhiiS_ii
FNDA:0,_Z23gl_convertRGB_to_5R6G5BPtPhii
FNDA:0,_Z25gl_convertRGB_to_8A8R8G8BPjPhii
FNDA:0,_ZL11interpolateiiiii
FNDA:0,_Z14gl_resizeImagePhiiS_ii
FNDA:1,_Z27gl_resizeImageNoInterpolatePhiiS_ii
FNF:5
FNH:1
DA:7,0
DA:13,0
DA:14,0
DA:15,0
DA:16,0
DA:17,0
DA:19,0
DA:21,0
DA:27,0
DA:28,0
DA:29,0
DA:30,0
DA:31,0
DA:32,0
DA:33,0
DA:35,0
DA:44,0
DA:46,0
DA:54,0
DA:61,0
DA:62,0
DA:64,0
DA:65,0
DA:67,0
DA:68,0
DA:69,0
DA:70,0
DA:71,0
DA:72,0
DA:73,0
DA:74,0
DA:76,0
DA:77,0
DA:78,0
DA:79,0
DA:80,0
DA:81,0
DA:84,0
DA:85,0
DA:86,0
DA:87,0
DA:88,0
DA:89,0
DA:90,0
DA:94,0
DA:95,0
DA:97,0
DA:99,0
DA:105,1
DA:112,1
DA:113,1
DA:115,1
DA:116,1
DA:118,1
DA:119,257
DA:120,256
DA:121,65792
DA:122,65536
DA:123,65536
DA:124,65536
DA:126,65536
DA:127,65536
DA:128,65536
DA:130,65536
DA:131,65536
DA:133,256
DA:135,1
LF:67
LH:19
end_of_record
TN:
SF:/disk2/graphdev/TLRender/Render3DRdc02/TyGL/clip.cpp
FN:13,_Z24gl_transform_to_viewportP9GLContextP8GLVertex
FN:51,_ZL14gl_add_select1P9GLContextiii
FN:58,_Z13gl_draw_pointP9GLContextP8GLVertex
FN:82,_Z12gl_draw_lineP9GLContextP8GLVertexS2_
FN:118,_ZL9clip_xminP2V4S0_S0_
FN:120,_ZL9clip_xmaxP2V4S0_S0_
FN:122,_ZL9clip_yminP2V4S0_S0_
FN:124,_ZL9clip_ymaxP2V4S0_S0_
FN:126,_ZL9clip_zminP2V4S0_S0_
FN:128,_ZL9clip_zmaxP2V4S0_S0_
FN:137,_ZL9updateTmpP9GLContextP8GLVertexS2_S2_f
FN:163,_Z16gl_draw_triangleP9GLContextP8GLVertexS2_S2_
FN:214,_ZL21gl_draw_triangle_clipP9GLContextP8GLVertexS2_S2_i
FN:295,_Z23gl_draw_triangle_selectP9GLContextP8GLVertexS2_S2_
FN:305,_Z21gl_draw_triangle_fillP9GLContextP8GLVertexS2_S2_
FN:338,_Z21gl_draw_triangle_lineP9GLContextP8GLVertexS2_S2_
FN:347,_Z22gl_draw_triangle_pointP9GLContextP8GLVertexS2_S2_
FNDA:218138,_Z24gl_transform_to_viewportP9GLContextP8GLVertex
FNDA:0,_ZL14gl_add_select1P9GLContextiii
FNDA:0,_Z13gl_draw_pointP9GLContextP8GLVertex
FNDA:0,_Z12gl_draw_lineP9GLContextP8GLVertexS2_
FNDA:72,_ZL9clip_xminP2V4S0_S0_
FNDA:138,_ZL9clip_xmaxP2V4S0_S0_
FNDA:40,_ZL9clip_yminP2V4S0_S0_
FNDA:64,_ZL9clip_ymaxP2V4S0_S0_
FNDA:0,_ZL9clip_zminP2V4S0_S0_
FNDA:0,_ZL9clip_zmaxP2V4S0_S0_
FNDA:314,_ZL9updateTmpP9GLContextP8GLVertexS2_S2_f
FNDA:72816,_Z16gl_draw_triangleP9GLContextP8GLVertexS2_S2_
FNDA:270,_ZL21gl_draw_triangle_clipP9GLContextP8GLVertexS2_S2_i
FNDA:0,_Z23gl_draw_triangle_selectP9GLContextP8GLVertexS2_S2_
FNDA:67557,_Z21gl_draw_triangle_fillP9GLContextP8GLVertexS2_S2_
FNDA:0,_Z21gl_draw_triangle_lineP9GLContextP8GLVertexS2_S2_
FNDA:0,_Z22gl_draw_triangle_pointP9GLContextP8GLVertexS2_S2_
FNF:17
FNH:9
DA:13,218138
DA:18,218138
DA:19,218138
DA:20,218138
DA:21,218138
DA:22,218138
DA:23,218138
DA:24,218138
DA:26,218138
DA:27,218138
DA:28,218138
DA:29,218138
DA:30,218138
DA:31,218138
DA:32,218138
DA:35,0
DA:36,0
DA:37,0
DA:42,218138
DA:43,9558
DA:44,9558
DA:45,9558
DA:46,9558
DA:48,218138
DA:51,0
DA:54,0
DA:58,0
DA:61,0
DA:82,0
DA:85,0
DA:118,72
DA:120,138
DA:122,40
DA:124,64
DA:126,0
DA:128,0
DA:137,314
DA:140,314
DA:141,314
DA:142,314
DA:143,314
DA:145,0
DA:146,0
DA:147,0
DA:150,314
DA:151,0
DA:152,0
DA:155,314
DA:156,314
DA:157,170
DA:158,314
DA:163,72816
DA:169,72816
DA:170,72816
DA:171,72816
DA:173,72816
DA:176,72816
DA:178,72750
DA:179,72750
DA:181,77943
DA:183,67557
DA:184,67557
DA:187,67557
DA:189,0
DA:190,0
DA:191,0
DA:192,0
DA:193,0
DA:194,0
DA:196,0
DA:200,67557
DA:201,34301
DA:203,33256
DA:207,66
DA:208,66
DA:209,54
DA:214,270
DA:221,270
DA:222,270
DA:223,270
DA:225,270
DA:226,270
DA:227,112
DA:229,158
DA:231,159
DA:234,263
DA:235,53
DA:239,157
DA:246,0
DA:249,157
DA:250,157
DA:252,157
DA:255,59
DA:256,19
DA:257,18
DA:259,59
DA:260,59
DA:262,59
DA:263,59
DA:265,59
DA:266,59
DA:267,59
DA:268,59
DA:270,59
DA:271,59
DA:272,59
DA:273,59
DA:277,98
DA:278,58
DA:279,30
DA:281,98
DA:282,98
DA:284,98
DA:285,98
DA:287,98
DA:288,98
DA:289,98
DA:295,0
DA:298,0
DA:299,0
DA:305,67557
DA:325,67557
DA:329,3179
DA:330,3179
DA:331,64378
DA:332,64378
DA:334,67557
DA:338,0
DA:342,0
DA:347,0
DA:351,0
LF:131
LH:100
end_of_record
SF:/disk2/graphdev/TLRender/Render3DRdc02/TyGL/zgl.h
FN:360,_ZL11gl_clipcodeffff
FNDA:314,_ZL11gl_clipcodeffff
FNF:1
FNH:1
DA:360,314
DA:364,314
DA:365,628
DA:366,628
DA:367,628
DA:368,628
DA:369,314
DA:370,314
LF:8
LH:8
end_of_record
TN:
SF:/disk2/graphdev/TLRender/Render3DRdc02/TyGL/kh_project.cpp
FN:14,_ZL18__gluMakeIdentitydPd
FN:22,_ZL18__gluMakeIdentityfPf
FN:31,_Z10gluOrtho2Ddddd
FN:39,_Z13glMultMatrixdPKd
FN:79,_ZL9normalizePf
FN:91,_ZL5crossPfS_S_
FN:111,_Z12glTranslatedddd
FN:120,_Z9gluLookAtddddddddd
FN:161,_ZL19__gluMultMatrixVecdPKdS0_Pd
FN:179,_ZL18__gluInvertMatrixdPKdPd
FN:229,_ZL18__gluMultMatricesdPKdS0_Pd
FN:246,_Z10gluProjectdddPKdS0_PKiPdS3_S3_
FN:281,_Z12gluUnProjectdddPKdS0_PKiPdS3_S3_
FN:322,_Z13gluUnProject4ddddPKdS0_PKiddPdS3_S3_S3_
FN:362,_Z13gluPickMatrixddddPi
FNDA:0,_ZL18__gluMakeIdentitydPd
FNDA:1,_ZL18__gluMakeIdentityfPf
FNDA:0,_Z10gluOrtho2Ddddd
FNDA:0,_Z13glMultMatrixdPKd
FNDA:2,_ZL9normalizePf
FNDA:2,_ZL5crossPfS_S_
FNDA:1,_Z12glTranslatedddd
FNDA:1,_Z9gluLookAtddddddddd
FNDA:0,_ZL19__gluMultMatrixVecdPKdS0_Pd
FNDA:0,_ZL18__gluInvertMatrixdPKdPd
FNDA:0,_ZL18__gluMultMatricesdPKdS0_Pd
FNDA:0,_Z10gluProjectdddPKdS0_PKiPdS3_S3_
FNDA:0,_Z12gluUnProjectdddPKdS0_PKiPdS3_S3_
FNDA:0,_Z13gluUnProject4ddddPKdS0_PKiddPdS3_S3_S3_
FNDA:0,_Z13gluPickMatrixddddPi
FNF:15
FNH:5
DA:14,0
DA:16,0
DA:17,0
DA:18,0
DA:19,0
DA:20,0
DA:22,1
DA:24,1
DA:25,1
DA:26,1
DA:27,1
DA:28,1
DA:31,0
DA:34,0
DA:39,0
DA:43,0
DA:44,0
DA:45,0
DA:46,0
DA:79,2
DA:83,2
DA:84,2
DA:86,2
DA:87,2
DA:88,2
DA:91,2
DA:93,2
DA:94,2
DA:95,2
DA:96,2
DA:111,1
DA:114,1
DA:115,1
DA:120,1
DA:127,1
DA:128,1
DA:129,1
DA:131,1
DA:132,1
DA:133,1
DA:135,1
DA:138,1
DA:139,1
DA:142,1
DA:144,1
DA:145,1
DA:146,1
DA:147,1
DA:149,1
DA:150,1
DA:151,1
DA:153,1
DA:154,1
DA:155,1
DA:157,1
DA:158,1
DA:159,1
DA:161,0
DA:166,0
DA:167,0
DA:168,0
DA:169,0
DA:170,0
DA:171,0
DA:173,0
DA:179,0
DA:184,0
DA:185,0
DA:186,0
DA:187,0
DA:188,0
DA:189,0
DA:190,0
DA:191,0
DA:192,0
DA:193,0
DA:194,0
DA:195,0
DA:196,0
DA:197,0
DA:198,0
DA:199,0
DA:200,0
DA:201,0
DA:202,0
DA:203,0
DA:204,0
DA:205,0
DA:206,0
DA:207,0
DA:208,0
DA:209,0
DA:210,0
DA:211,0
DA:212,0
DA:213,0
DA:214,0
DA:215,0
DA:217,0
DA:218,0
DA:219,0
DA:221,0
DA:223,0
DA:224,0
DA:226,0
DA:229,0
DA:234,0
DA:235,0
DA:236,0
DA:237,0
DA:238,0
DA:239,0
DA:240,0
DA:243,0
DA:246,0
DA:255,0
DA:256,0
DA:257,0
DA:258,0
DA:259,0
DA:260,0
DA:261,0
DA:262,0
DA:263,0
DA:264,0
DA:266,0
DA:267,0
DA:268,0
DA:271,0
DA:272,0
DA:274,0
DA:275,0
DA:276,0
DA:277,0
DA:281,0
DA:291,0
DA:292,0
DA:294,0
DA:295,0
DA:296,0
DA:297,0
DA:300,0
DA:301,0
DA:304,0
DA:305,0
DA:306,0
DA:308,0
DA:309,0
DA:310,0
DA:311,0
DA:312,0
DA:313,0
DA:314,0
DA:315,0
DA:316,0
DA:322,0
DA:334,0
DA:335,0
DA:337,0
DA:338,0
DA:339,0
DA:340,0
DA:343,0
DA:344,0
DA:345,0
DA:348,0
DA:349,0
DA:350,0
DA:352,0
DA:353,0
DA:354,0
DA:355,0
DA:356,0
DA:357,0
DA:358,0
DA:362,0
DA:365,0
DA:366,0
DA:370,0
DA:371,0
DA:372,0
LF:181
LH:44
end_of_record
TN:
SF:/disk2/graphdev/TLRender/Render3DRdc02/TyGL/glu.cpp
FN:7,_Z9drawTorusfifi
FN:39,_ZL8normal3ffff
FN:52,_Z14gluPerspectivedddd
FN:66,_Z13gluNewQuadricv
FN:71,_Z19gluQuadricDrawStyleP13GLUquadricObji
FN:75,_Z11gluCylinderP13GLUquadricObjdddii
FN:130,_Z7gluDiskP13GLUquadricObjddii
FN:173,_Z9gluSphereP13GLUquadricObjfii
FNDA:0,_Z9drawTorusfifi
FNDA:0,_ZL8normal3ffff
FNDA:3,_Z14gluPerspectivedddd
FNDA:0,_Z13gluNewQuadricv
FNDA:0,_Z19gluQuadricDrawStyleP13GLUquadricObji
FNDA:0,_Z11gluCylinderP13GLUquadricObjdddii
FNDA:0,_Z7gluDiskP13GLUquadricObjddii
FNDA:0,_Z9gluSphereP13GLUquadricObjfii
FNF:8
FNH:1
DA:7,0
DA:14,0
DA:15,0
DA:17,0
DA:18,0
DA:19,0
DA:20,0
DA:21,0
DA:22,0
DA:24,0
DA:25,0
DA:26,0
DA:27,0
DA:29,0
DA:30,0
DA:31,0
DA:32,0
DA:35,0
DA:37,0
DA:39,0
DA:43,0
DA:44,0
DA:45,0
DA:46,0
DA:47,0
DA:49,0
DA:50,0
DA:52,3
DA:57,3
DA:58,3
DA:60,3
DA:61,3
DA:63,3
DA:64,3
DA:66,0
DA:68,0
DA:71,0
DA:73,0
DA:75,0
DA:82,0
DA:83,0
DA:84,0
DA:86,0
DA:88,0
DA:89,0
DA:90,0
DA:91,0
DA:93,0
DA:94,0
DA:95,0
DA:96,0
DA:97,0
DA:98,0
DA:99,0
DA:100,0
DA:101,0
DA:102,0
DA:103,0
DA:104,0
DA:105,0
DA:106,0
DA:107,0
DA:108,0
DA:109,0
DA:112,0
DA:113,0
DA:114,0
DA:115,0
DA:116,0
DA:117,0
DA:119,0
DA:120,0
DA:121,0
DA:123,0
DA:124,0
DA:126,0
DA:130,0
DA:141,0
DA:143,0
DA:144,0
DA:148,0
DA:150,0
DA:151,0
DA:152,0
DA:153,0
DA:154,0
DA:155,0
DA:156,0
DA:157,0
DA:158,0
DA:159,0
DA:160,0
DA:161,0
DA:163,0
DA:164,0
DA:167,0
DA:173,0
DA:183,0
DA:184,0
DA:186,0
DA:187,0
DA:190,0
DA:191,0
DA:192,0
DA:193,0
DA:194,0
DA:195,0
DA:196,0
DA:197,0
DA:198,0
DA:199,0
DA:200,0
DA:202,0
DA:205,0
DA:206,0
DA:207,0
DA:209,0
DA:210,0
DA:218,0
DA:219,0
DA:220,0
DA:221,0
DA:222,0
DA:223,0
DA:224,0
DA:225,0
DA:226,0
DA:227,0
DA:228,0
DA:229,0
DA:230,0
DA:231,0
DA:232,0
DA:233,0
DA:234,0
DA:235,0
DA:236,0
DA:238,0
DA:239,0
DA:243,0
DA:244,0
DA:245,0
DA:246,0
DA:247,0
DA:248,0
DA:249,0
DA:250,0
DA:251,0
DA:252,0
DA:253,0
DA:254,0
DA:255,0
DA:256,0
DA:257,0
DA:258,0
DA:260,0
DA:261,0
LF:157
LH:7
end_of_record
TN:
SF:/disk2/graphdev/TLRender/Render3DRdc02/TyGL/misc.cpp
FN:4,_Z12glopViewportP9GLContextP7GLParam
FN:45,_Z17glopEnableDisableP9GLContextP7GLParam
FN:93,_Z14glopShadeModelP9GLContextP7GLParam
FN:99,_Z12glopCullFaceP9GLContextP7GLParam
FN:105,_Z13glopFrontFaceP9GLContextP7GLParam
FN:111,_Z15glopPolygonModeP9GLContextP7GLParam
FN:132,_Z8glopHintP9GLContextP7GLParam
FN:143,_Z17glopPolygonOffsetP9GLContextP7GLParam
FNDA:3,_Z12glopViewportP9GLContextP7GLParam
FNDA:13,_Z17glopEnableDisableP9GLContextP7GLParam
FNDA:0,_Z14glopShadeModelP9GLContextP7GLParam
FNDA:0,_Z12glopCullFaceP9GLContextP7GLParam
FNDA:0,_Z13glopFrontFaceP9GLContextP7GLParam
FNDA:0,_Z15glopPolygonModeP9GLContextP7GLParam
FNDA:0,_Z8glopHintP9GLContextP7GLParam
FNDA:0,_Z17glopPolygonOffsetP9GLContextP7GLParam
FNF:8
FNH:2
DA:4,3
DA:8,3
DA:9,3
DA:10,3
DA:11,3
DA:15,6
DA:16,6
DA:17,5
DA:18,2
DA:20,1
DA:21,1
DA:23,1
DA:24,0
DA:25,0
DA:28,1
DA:29,1
DA:30,1
DA:31,0
DA:35,1
DA:36,1
DA:37,1
DA:38,1
DA:39,1
DA:41,1
DA:43,3
DA:45,13
DA:47,13
DA:48,13
DA:50,13
DA:52,0
DA:53,0
DA:55,2
DA:56,2
DA:58,2
DA:59,2
DA:61,3
DA:62,3
DA:64,0
DA:65,0
DA:67,1
DA:68,1
DA:70,0
DA:71,0
DA:72,0
DA:74,0
DA:75,0
DA:76,0
DA:78,0
DA:79,0
DA:80,0
DA:82,5
DA:83,5
DA:89,5
DA:91,13
DA:93,0
DA:95,0
DA:96,0
DA:97,0
DA:99,0
DA:101,0
DA:102,0
DA:103,0
DA:105,0
DA:107,0
DA:108,0
DA:109,0
DA:111,0
DA:113,0
DA:114,0
DA:116,0
DA:118,0
DA:119,0
DA:121,0
DA:122,0
DA:124,0
DA:125,0
DA:126,0
DA:128,0
DA:130,0
DA:132,0
DA:140,0
DA:143,0
DA:145,0
DA:146,0
DA:147,0
LF:85
LH:38
end_of_record
TN:
SF:/disk2/graphdev/TLRender/Render3DRdc02/TyGL/ztriangle.cpp
FN:12,_Z10PUT_PIXELKiRjS_PhPtS_S_S_RiS2_S2_S2_
FN:30,_Z21ZB_fillTriangleSmoothP7ZBufferP12ZBufferPointS2_S2_
FN:276,_Z13ZB_setTextureP7ZBufferPh
FN:290,_Z13PUT_PIXEL_TEXiPhRjS0_S_PtS0_S0_RiS2_S2_
FN:310,_Z33ZB_fillTriangleMappingPerspectiveP7ZBufferP12ZBufferPointS2_S2_
FNDA:906476,_Z10PUT_PIXELKiRjS_PhPtS_S_S_RiS2_S2_S2_
FNDA:64378,_Z21ZB_fillTriangleSmoothP7ZBufferP12ZBufferPointS2_S2_
FNDA:3179,_Z13ZB_setTextureP7ZBufferPh
FNDA:149778,_Z13PUT_PIXEL_TEXiPhRjS0_S_PtS0_S0_RiS2_S2_
FNDA:3179,_Z33ZB_fillTriangleMappingPerspectiveP7ZBufferP12ZBufferPointS2_S2_
FNF:5
FNH:5
DA:12,906476
DA:17,906476
DA:18,906476
DA:19,679748
DA:20,679748
DA:21,679748
DA:22,679748
DA:24,906476
DA:25,906476
DA:26,906476
DA:27,906476
DA:29,906476
DA:30,64378
DA:59,64378
DA:60,28347
DA:61,28347
DA:62,28347
DA:64,64378
DA:65,18436
DA:66,18436
DA:67,18436
DA:68,18436
DA:69,45942
DA:70,17784
DA:71,17784
DA:72,17784
DA:77,64378
DA:78,64378
DA:80,64378
DA:81,64378
DA:83,64378
DA:84,64378
DA:85,0
DA:86,64378
DA:88,64378
DA:89,64378
DA:90,64378
DA:91,64378
DA:94,64378
DA:95,64378
DA:96,64378
DA:97,64378
DA:99,64378
DA:100,64378
DA:101,64378
DA:102,64378
DA:104,64378
DA:105,64378
DA:106,64378
DA:107,64378
DA:109,64378
DA:110,64378
DA:111,64378
DA:112,64378
DA:120,64378
DA:121,64378
DA:125,193134
DA:126,128756
DA:127,64378
DA:128,31597
DA:129,31597
DA:130,31597
DA:131,31597
DA:132,31597
DA:133,31597
DA:135,32781
DA:136,32781
DA:137,32781
DA:138,32781
DA:139,32781
DA:140,32781
DA:142,64378
DA:145,64378
DA:146,31597
DA:147,31597
DA:148,31597
DA:149,31597
DA:151,32781
DA:152,32781
DA:153,32781
DA:154,32781
DA:156,64378
DA:161,128756
DA:162,97159
DA:163,97159
DA:164,97159
DA:165,76388
DA:167,20771
DA:168,97159
DA:169,97159
DA:170,97159
DA:171,97159
DA:172,97159
DA:175,97159
DA:176,97159
DA:177,97159
DA:179,97159
DA:180,97159
DA:181,97159
DA:183,97159
DA:184,97159
DA:185,97159
DA:187,97159
DA:188,97159
DA:189,97159
DA:196,128756
DA:197,95975
DA:198,95975
DA:199,95975
DA:200,76425
DA:202,19550
DA:203,95975
DA:208,744008
DA:209,307626
DA:219,307626
DA:220,307626
DA:222,307626
DA:223,307626
DA:225,307626
DA:226,307626
DA:227,307626
DA:230,2120578
DA:231,906476
DA:233,906476
DA:235,906476
DA:236,906476
DA:240,307626
DA:241,307626
DA:242,107701
DA:243,107701
DA:245,107701
DA:247,107701
DA:248,107701
DA:249,107701
DA:253,199925
DA:255,199925
DA:257,199925
DA:258,199925
DA:259,199925
DA:265,307626
DA:268,307626
DA:269,307626
DA:276,3179
DA:278,3179
DA:279,3179
DA:290,149778
DA:296,149778
DA:297,149778
DA:298,148320
DA:299,148320
DA:300,148320
DA:301,148320
DA:302,148320
DA:304,149778
DA:305,149778
DA:306,149778
DA:307,149778
DA:310,3179
DA:355,3179
DA:356,1349
DA:357,1349
DA:358,1349
DA:360,3179
DA:361,1533
DA:362,1533
DA:363,1533
DA:364,1533
DA:365,1646
DA:366,86
DA:367,86
DA:368,86
DA:373,3179
DA:374,3179
DA:376,3179
DA:377,3179
DA:379,3179
DA:380,3179
DA:381,0
DA:382,3179
DA:384,3179
DA:385,3179
DA:386,3179
DA:387,3179
DA:390,3179
DA:391,3179
DA:392,3179
DA:393,3179
DA:401,3179
DA:402,3179
DA:403,3179
DA:404,3179
DA:405,3179
DA:406,3179
DA:407,3179
DA:408,3179
DA:409,3179
DA:411,3179
DA:412,3179
DA:413,3179
DA:414,3179
DA:416,3179
DA:417,3179
DA:418,3179
DA:419,3179
DA:424,3179
DA:425,3179
DA:430,3179
DA:431,3179
DA:432,3179
DA:433,3179
DA:434,3179
DA:439,9537
DA:440,6358
DA:441,3179
DA:442,1377
DA:443,1377
DA:444,1377
DA:445,1377
DA:446,1377
DA:447,1377
DA:449,1802
DA:450,1802
DA:451,1802
DA:452,1802
DA:453,1802
DA:454,1802
DA:456,3179
DA:459,3179
DA:460,1377
DA:461,1377
DA:462,1377
DA:463,1377
DA:465,1802
DA:466,1802
DA:467,1802
DA:468,1802
DA:470,3179
DA:475,6358
DA:476,4981
DA:477,4981
DA:478,4981
DA:479,4499
DA:481,482
DA:482,4981
DA:483,4981
DA:484,4981
DA:485,4981
DA:486,4981
DA:489,4981
DA:490,4981
DA:491,4981
DA:495,4981
DA:496,4981
DA:497,4981
DA:499,4981
DA:500,4981
DA:501,4981
DA:507,6358
DA:508,4556
DA:509,4556
DA:510,4556
DA:511,4518
DA:513,38
DA:514,4556
DA:519,73468
DA:520,33555
DA:528,33555
DA:529,33555
DA:530,33555
DA:531,33555
DA:532,33555
DA:533,33555
DA:534,33555
DA:535,33555
DA:536,48037
DA:539,7241
DA:540,7241
DA:541,7241
DA:542,7241
DA:543,7241
DA:544,7241
DA:545,7241
DA:546,7241
DA:548,7241
DA:549,7241
DA:550,7241
DA:551,7241
DA:552,7241
DA:553,7241
DA:554,7241
DA:555,7241
DA:556,7241
DA:557,7241
DA:558,7241
DA:559,7241
DA:560,7241
DA:564,33555
DA:565,33555
DA:566,33555
DA:567,33555
DA:568,33555
DA:569,33555
DA:571,217255
DA:572,91850
DA:573,91850
DA:574,91850
DA:575,91850
DA:580,33555
DA:581,33555
DA:582,16799
DA:583,16799
DA:585,16799
DA:589,16799
DA:590,16799
DA:593,16756
DA:595,16756
DA:599,16756
DA:600,16756
DA:605,33555
DA:608,33555
DA:609,33555
LF:321
LH:319
end_of_record
TN:
SF:/disk2/graphdev/TLRender/Render3DRdc02/TyGL/light.cpp
FN:4,_Z12glopMaterialP9GLContextP7GLParam
FN:59,_Z17glopColorMaterialP9GLContextP7GLParam
FN:68,_Z9glopLightP9GLContextP7GLParam
FN:141,_Z14glopLightModelP9GLContextP7GLParam
FN:166,_ZL6clampffff
FN:173,_Z23gl_enable_disable_lightP9GLContextii
FN:190,_Z15gl_shade_vertexP9GLContextP8GLVertex
FNDA:34,_Z12glopMaterialP9GLContextP7GLParam
FNDA:0,_Z17glopColorMaterialP9GLContextP7GLParam
FNDA:6,_Z9glopLightP9GLContextP7GLParam
FNDA:0,_Z14glopLightModelP9GLContextP7GLParam
FNDA:872184,_ZL6clampffff
FNDA:5,_Z23gl_enable_disable_lightP9GLContextii
FNDA:218046,_Z15gl_shade_vertexP9GLContextP8GLVertex
FNF:7
FNH:5
DA:4,34
DA:6,34
DA:7,34
DA:10,34
DA:11,34
DA:12,34
DA:13,34
DA:14,34
DA:19,34
DA:20,17
DA:21,17
DA:22,17
DA:24,34
DA:25,17
DA:27,34
DA:29,0
DA:30,0
DA:31,0
DA:33,40
DA:34,32
DA:35,8
DA:37,40
DA:38,32
DA:39,8
DA:41,40
DA:42,32
DA:43,8
DA:45,8
DA:46,8
DA:47,8
DA:49,10
DA:50,8
DA:51,10
DA:52,8
DA:53,2
DA:55,0
DA:57,34
DA:59,0
DA:61,0
DA:62,0
DA:64,0
DA:65,0
DA:66,0
DA:68,6
DA:70,6
DA:71,6
DA:76,6
DA:78,6
DA:80,6
DA:82,6
DA:84,0
DA:85,0
DA:87,0
DA:88,0
DA:90,0
DA:91,0
DA:95,3
DA:97,3
DA:99,3
DA:100,0
DA:101,0
DA:102,0
DA:104,0
DA:107,3
DA:109,12
DA:110,9
DA:111,9
DA:113,3
DA:114,3
DA:116,0
DA:117,0
DA:120,0
DA:121,0
DA:122,0
DA:123,0
DA:125,0
DA:127,0
DA:128,0
DA:130,0
DA:131,0
DA:133,0
DA:134,0
DA:136,0
DA:138,6
DA:141,0
DA:143,0
DA:144,0
DA:147,0
DA:149,0
DA:150,0
DA:151,0
DA:153,0
DA:154,0
DA:156,0
DA:157,0
DA:159,0
DA:161,0
DA:163,0
DA:166,872184
DA:168,872184
DA:169,872184
DA:170,861693
DA:173,5
DA:175,5
DA:176,5
DA:177,4
DA:178,4
DA:179,4
DA:180,4
DA:181,1
DA:182,0
DA:183,0
DA:184,0
DA:185,0
DA:187,5
DA:190,218046
DA:197,218046
DA:199,218046
DA:201,218046
DA:202,218046
DA:203,218046
DA:205,218046
DA:206,218046
DA:207,218046
DA:208,218046
DA:210,1061556
DA:214,843510
DA:215,843510
DA:216,843510
DA:218,843510
DA:220,218046
DA:221,218046
DA:222,218046
DA:223,218046
DA:226,625464
DA:227,625464
DA:228,625464
DA:229,625464
DA:230,625464
DA:231,625464
DA:232,625464
DA:233,625464
DA:234,625464
DA:236,1250928
DA:237,1250928
DA:239,843510
DA:240,843510
DA:241,843510
DA:243,418596
DA:244,418596
DA:245,418596
DA:248,418596
DA:249,0
DA:250,0
DA:251,0
DA:252,0
DA:253,0
DA:255,0
DA:258,0
DA:259,0
DA:266,418596
DA:268,0
DA:269,0
DA:270,0
DA:271,0
DA:272,0
DA:273,0
DA:274,0
DA:276,418596
DA:277,418596
DA:278,418596
DA:280,418596
DA:281,418596
DA:282,418596
DA:285,387060
DA:286,387060
DA:287,387060
DA:293,387060
DA:294,387060
DA:295,387060
DA:296,387060
DA:297,387060
DA:298,387060
DA:299,387060
DA:303,843510
DA:304,843510
DA:305,843510
DA:308,218046
DA:309,218046
DA:310,218046
DA:311,218046
DA:312,218046
LF:192
LH:125
end_of_record
TN:
SF:/disk2/graphdev/TLRender/Render3DRdc02/TyGL/texture.cpp
FN:8,_ZL12find_textureP9GLContexti
FN:20,_ZL12free_textureP9GLContexti
FN:44,_Z13alloc_textureP9GLContexti
FN:63,_Z14glInitTexturesP9GLContext
FN:71,_Z13glGenTexturesiPj
FN:92,_Z16glDeleteTexturesiPKj
FN:110,_Z15glopBindTextureP9GLContextP7GLParam
FN:125,_Z14glopTexImage2DP9GLContextP7GLParam
FN:185,_Z10glopTexEnvP9GLContextP7GLParam
FN:202,_Z16glopTexParameterP9GLContextP7GLParam
FN:221,_Z14glopPixelStoreP9GLContextP7GLParam
FNDA:3,_ZL12find_textureP9GLContexti
FNDA:0,_ZL12free_textureP9GLContexti
FNDA:2,_Z13alloc_textureP9GLContexti
FNDA:1,_Z14glInitTexturesP9GLContext
FNDA:1,_Z13glGenTexturesiPj
FNDA:0,_Z16glDeleteTexturesiPKj
FNDA:2,_Z15glopBindTextureP9GLContextP7GLParam
FNDA:1,_Z14glopTexImage2DP9GLContextP7GLParam
FNDA:0,_Z10glopTexEnvP9GLContextP7GLParam
FNDA:4,_Z16glopTexParameterP9GLContextP7GLParam
FNDA:1,_Z14glopPixelStoreP9GLContextP7GLParam
FNF:11
FNH:8
DA:8,3
DA:12,3
DA:13,3
DA:14,2
DA:15,0
DA:17,1
DA:20,0
DA:26,0
DA:27,0
DA:28,0
DA:29,0
DA:30,0
DA:32,0
DA:34,0
DA:36,0
DA:37,0
DA:38,0
DA:41,0
DA:42,0
DA:44,2
DA:48,2
DA:50,2
DA:52,2
DA:53,2
DA:54,2
DA:55,2
DA:57,2
DA:59,2
DA:63,1
DA:67,1
DA:68,1
DA:69,1
DA:71,1
DA:73,1
DA:77,1
DA:78,257
DA:79,256
DA:80,258
DA:81,1
DA:82,1
DA:86,2
DA:87,1
DA:89,1
DA:92,0
DA:94,0
DA:98,0
DA:99,0
DA:100,0
DA:101,0
DA:102,0
DA:104,0
DA:107,0
DA:110,2
DA:112,2
DA:113,2
DA:116,2
DA:118,2
DA:119,2
DA:120,1
DA:122,2
DA:123,2
DA:125,1
DA:127,1
DA:128,1
DA:129,1
DA:130,1
DA:131,1
DA:132,1
DA:133,1
DA:134,1
DA:135,1
DA:140,1
DA:141,1
DA:142,1
DA:143,0
DA:146,1
DA:147,1
DA:148,1
DA:150,1
DA:151,1
DA:152,1
DA:153,1
DA:155,0
DA:158,1
DA:159,1
DA:160,1
DA:161,1
DA:163,1
DA:164,1
DA:165,1
DA:180,1
DA:181,1
DA:185,0
DA:187,0
DA:188,0
DA:189,0
DA:191,0
DA:193,0
DA:196,0
DA:198,0
DA:199,0
DA:202,4
DA:204,4
DA:205,4
DA:206,4
DA:208,4
DA:210,0
DA:213,4
DA:216,2
DA:217,2
DA:219,4
DA:221,1
DA:223,1
DA:224,1
DA:226,1
DA:228,0
DA:230,1
LF:117
LH:81
end_of_record
TN:
SF:/disk2/graphdev/TLRender/Render3DRdc02/TyGL/init.cpp
FN:6,_Z15initSharedStateP9GLContext
FN:16,_Z14endSharedStateP9GLContext
FN:30,_Z6glInitPv
FN:184,_Z7glClosev
FNDA:1,_Z15initSharedStateP9GLContext
FNDA:1,_Z14endSharedStateP9GLContext
FNDA:1,_Z6glInitPv
FNDA:1,_Z7glClosev
FNF:4
FNH:4
DA:6,1
DA:8,1
DA:9,1
DA:11,1
DA:13,1
DA:14,1
DA:16,1
DA:18,1
DA:21,1
DA:24,1
DA:26,1
DA:27,1
DA:30,1
DA:32,1
DA:37,1
DA:38,1
DA:40,1
DA:43,1
DA:44,1
DA:47,1
DA:48,1
DA:49,1
DA:50,1
DA:51,1
DA:52,1
DA:55,1
DA:59,1
DA:60,1
DA:61,1
DA:63,1
DA:66,17
DA:67,16
DA:68,16
DA:69,16
DA:70,16
DA:71,16
DA:72,16
DA:73,16
DA:74,16
DA:75,16
DA:76,16
DA:77,16
DA:78,16
DA:79,16
DA:80,16
DA:82,1
DA:83,1
DA:84,1
DA:85,1
DA:86,1
DA:89,3
DA:90,2
DA:91,2
DA:92,2
DA:93,2
DA:94,2
DA:95,2
DA:97,1
DA:98,1
DA:99,1
DA:102,1
DA:105,1
DA:106,1
DA:107,1
DA:108,1
DA:109,1
DA:110,1
DA:111,1
DA:113,1
DA:114,1
DA:115,1
DA:116,1
DA:118,1
DA:120,1
DA:121,1
DA:122,1
DA:123,1
DA:125,1
DA:126,1
DA:128,1
DA:129,1
DA:130,1
DA:131,1
DA:134,1
DA:135,1
DA:136,1
DA:137,1
DA:138,1
DA:141,1
DA:142,1
DA:143,1
DA:146,1
DA:148,1
DA:149,1
DA:150,1
DA:152,4
DA:153,3
DA:154,3
DA:157,1
DA:158,1
DA:159,1
DA:160,1
DA:161,1
DA:162,1
DA:164,1
DA:167,1
DA:170,1
DA:173,1
DA:176,1
DA:177,1
DA:178,1
DA:181,1
DA:182,1
DA:184,1
DA:186,1
DA:187,1
DA:188,1
DA:189,1
LF:118
LH:118
end_of_record
TN:
SF:/disk2/graphdev/TLRender/Render3DRdc02/TyGL/clear.cpp
FN:4,_Z14glopClearColorP9GLContextP7GLParam
FN:11,_Z14glopClearDepthP9GLContextP7GLParam
FN:17,_Z9glopClearP9GLContextP7GLParam
FNDA:0,_Z14glopClearColorP9GLContextP7GLParam
FNDA:0,_Z14glopClearDepthP9GLContextP7GLParam
FNDA:0,_Z9glopClearP9GLContextP7GLParam
FNF:3
FNH:0
DA:4,0
DA:6,0
DA:7,0
DA:8,0
DA:9,0
DA:10,0
DA:11,0
DA:13,0
DA:14,0
DA:17,0
DA:19,0
DA:20,0
DA:21,0
DA:22,0
DA:23,0
DA:27,0
DA:28,0
DA:29,0
LF:18
LH:0
end_of_record
TN:
SF:/disk2/graphdev/TLRender/Render3DRdc02/TyGL/error.cpp
FN:4,_Z14gl_fatal_errorPcz
FNDA:0,_Z14gl_fatal_errorPcz
FNF:1
FNH:0
DA:4,0
DA:8,0
DA:10,0
DA:11,0
DA:12,0
DA:13,0
LF:6
LH:0
end_of_record
TN:
SF:/disk2/graphdev/TLRender/Render3DRdc02/TyGL/zmath.cpp
FN:12,_Z8gl_M4_IdP2M4
FN:20,_Z10gl_M4_IsIdP2M4
FN:32,_Z9gl_M4_MulP2M4S0_S0_
FN:45,_Z13gl_M4_MulLeftP2M4S0_
FN:63,_Z10gl_M4_MoveP2M4S0_
FN:68,_Z9gl_MoveV3P2V3S0_
FN:74,_Z10gl_MulM4V3P2V3P2M4S0_
FN:81,_Z10gl_MulM3V3P2V3P2M4S0_
FN:88,_Z11gl_M4_MulV4P2V4P2M4S0_
FN:97,_Z15gl_M4_TransposeP2M4S0_
FN:121,_Z14gl_M4_InvOrthoP2M4S_
FN:138,_Z10Matrix_InvPfS_i
FN:198,_Z9gl_M4_InvP2M4S0_
FN:206,_Z12gl_M4_RotateP2M4fi
FN:221,_Z9gl_M3_InvP2M3S0_
FN:245,_Z10gl_V3_NormP2V3
FN:256,_Z9gl_V3_Newfff
FN:265,_Z9gl_V4_Newffff
FNDA:8,_Z8gl_M4_IdP2M4
FNDA:2,_Z10gl_M4_IsIdP2M4
FNDA:0,_Z9gl_M4_MulP2M4S0_S0_
FNDA:4,_Z13gl_M4_MulLeftP2M4S0_
FNDA:0,_Z10gl_M4_MoveP2M4S0_
FNDA:0,_Z9gl_MoveV3P2V3S0_
FNDA:0,_Z10gl_MulM4V3P2V3P2M4S0_
FNDA:0,_Z10gl_MulM3V3P2V3P2M4S0_
FNDA:3,_Z11gl_M4_MulV4P2V4P2M4S0_
FNDA:2,_Z15gl_M4_TransposeP2M4S0_
FNDA:0,_Z14gl_M4_InvOrthoP2M4S_
FNDA:2,_Z10Matrix_InvPfS_i
FNDA:2,_Z9gl_M4_InvP2M4S0_
FNDA:0,_Z12gl_M4_RotateP2M4fi
FNDA:0,_Z9gl_M3_InvP2M3S0_
FNDA:3,_Z10gl_V3_NormP2V3
FNDA:48,_Z9gl_V3_Newfff
FNDA:73,_Z9gl_V4_Newffff
FNF:18
FNH:10
DA:12,8
DA:15,40
DA:16,160
DA:17,128
DA:18,8
DA:20,2
DA:23,10
DA:24,40
DA:25,32
DA:26,8
DA:27,24
DA:29,2
DA:32,0
DA:36,0
DA:37,0
DA:38,0
DA:39,0
DA:40,0
DA:42,0
DA:45,4
DA:53,4
DA:55,20
DA:56,80
DA:57,64
DA:58,64
DA:59,64
DA:61,4
DA:63,0
DA:65,0
DA:66,0
DA:68,0
DA:70,0
DA:71,0
DA:74,0
DA:76,0
DA:77,0
DA:78,0
DA:79,0
DA:81,0
DA:83,0
DA:84,0
DA:85,0
DA:86,0
DA:88,3
DA:90,3
DA:91,3
DA:92,3
DA:93,3
DA:94,3
DA:97,2
DA:99,2
DA:100,2
DA:101,2
DA:102,2
DA:104,2
DA:105,2
DA:106,2
DA:107,2
DA:109,2
DA:110,2
DA:111,2
DA:112,2
DA:114,2
DA:115,2
DA:116,2
DA:117,2
DA:118,2
DA:121,0
DA:125,0
DA:126,0
DA:127,0
DA:128,0
DA:129,0
DA:130,0
DA:131,0
DA:133,0
DA:138,2
DA:144,2
DA:145,2
DA:147,10
DA:150,8
DA:151,8
DA:152,20
DA:153,12
DA:154,0
DA:155,0
DA:159,8
DA:163,8
DA:164,0
DA:165,0
DA:166,0
DA:167,0
DA:169,0
DA:170,0
DA:171,0
DA:176,8
DA:177,40
DA:178,32
DA:179,32
DA:183,40
DA:184,24
DA:185,120
DA:186,96
DA:187,96
DA:192,2
DA:198,2
DA:201,2
DA:203,2
DA:204,2
DA:206,0
DA:210,0
DA:211,0
DA:212,0
DA:213,0
DA:214,0
DA:215,0
DA:216,0
DA:217,0
DA:221,0
DA:225,0
DA:226,0
DA:227,0
DA:229,0
DA:230,0
DA:231,0
DA:233,0
DA:234,0
DA:235,0
DA:237,0
DA:238,0
DA:239,0
DA:240,0
DA:245,3
DA:248,3
DA:249,3
DA:250,3
DA:251,3
DA:252,3
DA:253,3
DA:256,48
DA:259,48
DA:260,48
DA:261,48
DA:262,48
DA:265,73
DA:268,73
DA:269,73
DA:270,73
DA:271,73
DA:272,73
LF:150
LH:86
end_of_record
TN:
SF:/disk2/graphdev/TLRender/Render3DRdc02/TyGL/msghandling.cpp
FN:15,_Z11tgl_warningPKcz
FN:28,_Z9tgl_tracePKcz
FN:43,_Z9tgl_fixmePKcz
FNDA:0,_Z11tgl_warningPKcz
FNDA:1,_Z9tgl_tracePKcz
FNDA:0,_Z9tgl_fixmePKcz
FNF:3
FNH:1
DA:15,0
DA:24,0
DA:28,1
DA:37,1
DA:43,0
DA:52,0
LF:6
LH:2
end_of_record
TN:
SF:/disk2/graphdev/TLRender/Render3DRdc02/TyGL/specbuf.cpp
FN:6,_ZL8calc_bufP9GLSpecBuff
FN:19,_Z18specbuf_get_bufferP9GLContextif
FNDA:1,_ZL8calc_bufP9GLSpecBuff
FNDA:387060,_Z18specbuf_get_bufferP9GLContextif
FNF:2
FNH:2
DA:6,1
DA:10,1
DA:11,1
DA:12,1026
DA:13,1025
DA:14,1025
DA:16,1
DA:19,387060
DA:23,387060
DA:24,387060
DA:25,0
DA:26,0
DA:28,0
DA:30,387060
DA:31,387059
DA:32,387059
DA:34,1
DA:36,1
DA:37,1
DA:38,1
DA:39,1
DA:40,1
DA:41,1
DA:42,1
DA:43,1
DA:44,1
DA:48,0
DA:49,0
DA:50,0
DA:51,0
LF:30
LH:23
end_of_record
TN:
SF:/disk2/graphdev/TLRender/Render3DRdc02/TyGL/matrix.cpp
FN:3,_Z15gl_print_matrixPKf
FN:12,_ZL16gl_matrix_updateP9GLContext
FN:18,_Z14glopMatrixModeP9GLContextP7GLParam
FN:36,_Z14glopLoadMatrixP9GLContextP7GLParam
FN:57,_Z16glopLoadIdentityP9GLContextP7GLParam
FN:65,_Z14glopMultMatrixP9GLContextP7GLParam
FN:87,_Z14glopPushMatrixP9GLContextP7GLParam
FN:102,_Z13glopPopMatrixP9GLContextP7GLParam
FN:112,_Z10glopRotateP9GLContextP7GLParam
FN:182,_Z9glopScaleP9GLContextP7GLParam
FN:196,_Z13glopTranslateP9GLContextP7GLParam
FN:212,_Z11glopFrustumP9GLContextP7GLParam
FNDA:0,_Z15gl_print_matrixPKf
FNDA:14,_ZL16gl_matrix_updateP9GLContext
FNDA:8,_Z14glopMatrixModeP9GLContextP7GLParam
FNDA:0,_Z14glopLoadMatrixP9GLContextP7GLParam
FNDA:8,_Z16glopLoadIdentityP9GLContextP7GLParam
FNDA:1,_Z14glopMultMatrixP9GLContextP7GLParam
FNDA:0,_Z14glopPushMatrixP9GLContextP7GLParam
FNDA:0,_Z13glopPopMatrixP9GLContextP7GLParam
FNDA:0,_Z10glopRotateP9GLContextP7GLParam
FNDA:1,_Z9glopScaleP9GLContextP7GLParam
FNDA:1,_Z13glopTranslateP9GLContextP7GLParam
FNDA:3,_Z11glopFrustumP9GLContextP7GLParam
FNF:12
FNH:7
DA:3,0
DA:7,0
DA:8,0
DA:10,0
DA:12,14
DA:14,14
DA:15,14
DA:18,8
DA:20,8
DA:21,8
DA:23,4
DA:24,4
DA:26,3
DA:27,3
DA:29,1
DA:30,1
DA:32,0
DA:34,8
DA:36,0
DA:43,0
DA:44,0
DA:46,0
DA:47,0
DA:48,0
DA:49,0
DA:50,0
DA:51,0
DA:54,0
DA:55,0
DA:57,8
DA:60,8
DA:62,8
DA:63,8
DA:65,1
DA:71,1
DA:73,5
DA:74,4
DA:75,4
DA:76,4
DA:77,4
DA:78,4
DA:81,1
DA:83,1
DA:84,1
DA:87,0
DA:89,0
DA:92,0
DA:93,0
DA:95,0
DA:97,0
DA:99,0
DA:100,0
DA:102,0
DA:104,0
DA:106,0
DA:107,0
DA:108,0
DA:109,0
DA:112,0
DA:119,0
DA:120,0
DA:121,0
DA:122,0
DA:125,0
DA:127,0
DA:129,0
DA:130,0
DA:132,0
DA:133,0
DA:134,0
DA:136,0
DA:137,0
DA:138,0
DA:140,0
DA:141,0
DA:142,0
DA:148,0
DA:149,0
DA:150,0
DA:151,0
DA:152,0
DA:153,0
DA:156,0
DA:157,0
DA:160,0
DA:161,0
DA:162,0
DA:165,0
DA:166,0
DA:167,0
DA:168,0
DA:169,0
DA:170,0
DA:171,0
DA:172,0
DA:173,0
DA:177,0
DA:179,0
DA:182,1
DA:185,1
DA:187,1
DA:189,1
DA:190,1
DA:191,1
DA:192,1
DA:193,1
DA:194,1
DA:196,1
DA:199,1
DA:201,1
DA:203,1
DA:204,1
DA:205,1
DA:206,1
DA:208,1
DA:209,1
DA:212,3
DA:216,3
DA:217,3
DA:218,3
DA:219,3
DA:220,3
DA:221,3
DA:224,3
DA:225,3
DA:226,3
DA:227,3
DA:228,3
DA:229,3
DA:231,3
DA:232,3
DA:233,3
DA:234,3
DA:235,3
DA:237,3
DA:239,3
DA:240,3
LF:137
LH:67
end_of_record
TN:
SF:/disk2/graphdev/TLRender/Render3DRdc02/TyGL/get.cpp
FN:3,_Z13glGetIntegerviPi
FN:35,_Z11glGetFloatviPf
FNDA:0,_Z13glGetIntegerviPi
FNDA:0,_Z11glGetFloatviPf
FNF:2
FNH:0
DA:3,0
DA:5,0
DA:7,0
DA:9,0
DA:10,0
DA:11,0
DA:12,0
DA:13,0
DA:15,0
DA:16,0
DA:18,0
DA:19,0
DA:21,0
DA:22,0
DA:24,0
DA:25,0
DA:27,0
DA:28,0
DA:30,0
DA:31,0
DA:33,0
DA:35,0
DA:38,0
DA:39,0
DA:40,0
DA:42,0
DA:44,0
DA:47,0
DA:48,0
DA:49,0
DA:50,0
DA:51,0
DA:52,0
DA:53,0
DA:56,0
DA:58,0
DA:59,0
DA:61,0
DA:62,0
DA:64,0
DA:65,0
DA:67,0
DA:69,0
DA:70,0
DA:72,0
LF:45
LH:0
end_of_record
TN:
SF:/disk2/graphdev/TLRender/Render3DRdc02/TyGL/vertex.cpp
FN:4,_Z10glopNormalP9GLContextP7GLParam
FN:18,_Z12glopTexCoordP9GLContextP7GLParam
FN:26,_Z12glopEdgeFlagP9GLContextP7GLParam
FN:31,_Z9glopColorP9GLContextP7GLParam
FN:56,_Z16gl_eval_viewportP9GLContext
FN:72,_Z9glopBeginP9GLContextP7GLParam
FN:146,_ZL19gl_vertex_transformP9GLContextP8GLVertex
FN:207,_Z10glopVertexP9GLContextP7GLParam
FN:349,_Z7glopEndP9GLContextP7GLParam
FNDA:217911,_Z10glopNormalP9GLContextP7GLParam
FNDA:9558,_Z12glopTexCoordP9GLContextP7GLParam
FNDA:0,_Z12glopEdgeFlagP9GLContextP7GLParam
FNDA:1,_Z9glopColorP9GLContextP7GLParam
FNDA:1,_Z16gl_eval_viewportP9GLContext
FNDA:36,_Z9glopBeginP9GLContextP7GLParam
FNDA:218046,_ZL19gl_vertex_transformP9GLContextP8GLVertex
FNDA:218046,_Z10glopVertexP9GLContextP7GLParam
FNDA:36,_Z7glopEndP9GLContextP7GLParam
FNF:9
FNH:8
DA:4,217911
DA:8,217911
DA:9,217911
DA:10,217911
DA:12,217911
DA:13,217911
DA:14,217911
DA:15,217911
DA:16,217911
DA:18,9558
DA:20,9558
DA:21,9558
DA:22,9558
DA:23,9558
DA:24,9558
DA:26,0
DA:28,0
DA:29,0
DA:31,1
DA:34,1
DA:35,1
DA:36,1
DA:37,1
DA:38,1
DA:39,1
DA:40,1
DA:42,1
DA:44,1
DA:45,1
DA:46,1
DA:47,1
DA:48,1
DA:49,1
DA:50,1
DA:51,1
DA:53,1
DA:56,1
DA:59,1
DA:61,1
DA:63,1
DA:64,1
DA:65,1
DA:67,1
DA:68,1
DA:69,1
DA:70,1
DA:72,36
DA:77,36
DA:79,36
DA:80,36
DA:81,36
DA:82,36
DA:83,36
DA:85,36
DA:87,2
DA:89,2
DA:90,2
DA:92,0
DA:94,0
DA:96,0
DA:98,0
DA:99,0
DA:100,0
DA:104,2
DA:106,2
DA:109,36
DA:110,1
DA:111,1
DA:114,36
DA:115,0
DA:116,0
DA:118,36
DA:120,0
DA:121,0
DA:123,0
DA:124,0
DA:126,36
DA:127,36
DA:130,36
DA:132,0
DA:133,0
DA:135,0
DA:136,0
DA:138,36
DA:139,36
DA:142,36
DA:146,218046
DA:151,218046
DA:154,218046
DA:155,436092
DA:156,436092
DA:157,436092
DA:158,436092
DA:159,436092
DA:160,436092
DA:161,436092
DA:162,436092
DA:165,218046
DA:166,436092
DA:167,436092
DA:168,436092
DA:169,436092
DA:170,436092
DA:171,436092
DA:172,436092
DA:173,436092
DA:175,218046
DA:176,218046
DA:178,218046
DA:179,218046
DA:180,218046
DA:182,218046
DA:183,0
DA:188,0
DA:190,0
DA:191,0
DA:192,0
DA:193,0
DA:194,0
DA:195,0
DA:196,0
DA:197,0
DA:199,0
DA:200,0
DA:204,218046
DA:205,218046
DA:207,218046
DA:212,218046
DA:214,218046
DA:215,218046
DA:216,218046
DA:217,218046
DA:220,218046
DA:222,0
DA:223,0
DA:224,0
DA:225,0
DA:227,0
DA:228,0
DA:229,0
DA:232,218046
DA:233,218046
DA:235,218046
DA:236,218046
DA:237,218046
DA:238,218046
DA:240,218046
DA:244,218046
DA:245,218046
DA:247,0
DA:252,218046
DA:253,9558
DA:254,0
DA:256,9558
DA:260,218046
DA:261,217968
DA:265,218046
DA:267,218046
DA:269,0
DA:270,0
DA:271,0
DA:274,0
DA:275,0
DA:276,0
DA:278,0
DA:281,0
DA:282,0
DA:283,0
DA:284,0
DA:285,0
DA:286,0
DA:288,0
DA:291,217914
DA:292,72638
DA:293,72638
DA:295,217914
DA:297,0
DA:298,0
DA:299,0
DA:301,0
DA:303,0
DA:304,0
DA:307,0
DA:308,0
DA:311,0
DA:313,0
DA:314,0
DA:315,0
DA:316,0
DA:318,0
DA:321,0
DA:322,0
DA:323,0
DA:324,0
DA:325,0
DA:326,0
DA:327,0
DA:329,0
DA:332,0
DA:333,0
DA:334,0
DA:335,0
DA:336,0
DA:337,0
DA:339,0
DA:341,132
DA:343,0
DA:346,218046
DA:347,218046
DA:349,36
DA:351,36
DA:353,36
DA:354,0
DA:355,0
DA:357,36
DA:358,33
DA:359,165
DA:360,66
DA:361,66
DA:364,36
DA:365,36
LF:221
LH:135
end_of_record
SF:/disk2/graphdev/TLRender/Render3DRdc02/TyGL/zgl.h
FN:360,_ZL11gl_clipcodeffff
FNDA:218046,_ZL11gl_clipcodeffff
FNF:1
FNH:1
DA:360,218046
DA:364,218046
DA:365,436092
DA:366,436092
DA:367,436092
DA:368,436092
DA:369,218046
DA:370,218046
LF:8
LH:8
end_of_record
TN:
SF:/disk2/graphdev/TLRender/Render3DRdc02/TyGL/memory.cpp
FN:8,_Z7gl_freePv
FN:13,_Z9gl_malloci
FN:18,_Z9gl_zalloci
FNDA:4,_Z7gl_freePv
FNDA:8,_Z9gl_malloci
FNDA:8,_Z9gl_zalloci
FNF:3
FNH:3
DA:8,4
DA:10,4
DA:11,4
DA:13,8
DA:15,8
DA:18,8
DA:20,8
LF:7
LH:7
end_of_record
TN:
SF:/disk2/graphdev/TLRender/Render3DRdc02/TyGL/list.cpp
FN:25,_Z14gl_get_contextv
FN:30,_ZL9find_listP9GLContextj
FN:35,_ZL11delete_listP9GLContexti
FN:55,_ZL10alloc_listP9GLContexti
FN:73,_Z11gl_print_opP8_IO_FILEP7GLParam
FN:102,_Z13gl_compile_opP9GLContextP7GLParam
FN:135,_Z9gl_add_opP7GLParam
FN:153,_Z11glopEndListP9GLContextP7GLParam
FN:159,_Z14glopNextBufferP9GLContextP7GLParam
FN:165,_Z12glopCallListP9GLContextP7GLParam
FN:189,_Z9glNewListji
FN:208,_Z9glEndListv
FN:223,_Z8glIsListj
FN:231,_Z10glGenListsi
FNDA:445660,_Z14gl_get_contextv
FNDA:0,_ZL9find_listP9GLContextj
FNDA:0,_ZL11delete_listP9GLContexti
FNDA:0,_ZL10alloc_listP9GLContexti
FNDA:0,_Z11gl_print_opP8_IO_FILEP7GLParam
FNDA:0,_Z13gl_compile_opP9GLContextP7GLParam
FNDA:445656,_Z9gl_add_opP7GLParam
FNDA:0,_Z11glopEndListP9GLContextP7GLParam
FNDA:0,_Z14glopNextBufferP9GLContextP7GLParam
FNDA:0,_Z12glopCallListP9GLContextP7GLParam
FNDA:0,_Z9glNewListji
FNDA:0,_Z9glEndListv
FNDA:0,_Z8glIsListj
FNDA:0,_Z10glGenListsi
FNF:14
FNH:2
DA:25,445660
DA:27,445660
DA:30,0
DA:32,0
DA:35,0
DA:40,0
DA:41,0
DA:44,0
DA:45,0
DA:46,0
DA:47,0
DA:48,0
DA:51,0
DA:52,0
DA:53,0
DA:55,0
DA:60,0
DA:61,0
DA:63,0
DA:64,0
DA:66,0
DA:68,0
DA:69,0
DA:73,0
DA:78,0
DA:79,0
DA:80,0
DA:81,0
DA:82,0
DA:83,0
DA:84,0
DA:86,0
DA:87,0
DA:89,0
DA:90,0
DA:92,0
DA:94,0
DA:95,0
DA:98,0
DA:99,0
DA:102,0
DA:108,0
DA:109,0
DA:110,0
DA:111,0
DA:114,0
DA:116,0
DA:117,0
DA:119,0
DA:120,0
DA:121,0
DA:123,0
DA:124,0
DA:125,0
DA:128,0
DA:129,0
DA:130,0
DA:132,0
DA:133,0
DA:135,445656
DA:137,445656
DA:140,445656
DA:141,445656
DA:142,445656
DA:144,445656
DA:145,0
DA:147,445656
DA:148,0
DA:150,445656
DA:153,0
DA:155,0
DA:159,0
DA:161,0
DA:165,0
DA:170,0
DA:171,0
DA:172,0
DA:173,0
DA:175,0
DA:176,0
DA:177,0
DA:178,0
DA:179,0
DA:181,0
DA:182,0
DA:185,0
DA:189,0
DA:192,0
DA:194,0
DA:195,0
DA:197,0
DA:198,0
DA:199,0
DA:201,0
DA:202,0
DA:204,0
DA:205,0
DA:206,0
DA:208,0
DA:210,0
DA:213,0
DA:216,0
DA:217,0
DA:219,0
DA:220,0
DA:221,0
DA:223,0
DA:225,0
DA:227,0
DA:228,0
DA:231,0
DA:233,0
DA:237,0
DA:238,0
DA:239,0
DA:240,0
DA:241,0
DA:242,0
DA:243,0
DA:244,0
DA:245,0
DA:247,0
DA:250,0
DA:253,0
LF:124
LH:10
end_of_record
TN:
SF:/disk2/graphdev/TLRender/Render3DRdc02/TyGL/zbuffer.cpp
FN:12,_Z7ZB_openiiiiPhPiPv
FN:60,_Z8ZB_closeP7ZBuffer
FN:70,_Z9ZB_resizeP7ZBufferPvii
FN:98,_ZL13ZB_copyBufferP7ZBufferPvi
FN:292,_ZL24ZB_copyFrameBuffer5R6G5BP7ZBufferPvi
FN:317,_Z18ZB_copyFrameBufferP7ZBufferPvi
FN:394,_Z8memset_sPvii
FN:418,_Z8memset_lPvii
FN:440,_Z12memset_RGB24Pviiil
FN:481,_Z8ZB_clearP7ZBufferiiiiii
FNDA:1,_Z7ZB_openiiiiPhPiPv
FNDA:0,_Z8ZB_closeP7ZBuffer
FNDA:0,_Z9ZB_resizeP7ZBufferPvii
FNDA:0,_ZL13ZB_copyBufferP7ZBufferPvi
FNDA:0,_ZL24ZB_copyFrameBuffer5R6G5BP7ZBufferPvi
FNDA:0,_Z18ZB_copyFrameBufferP7ZBufferPvi
FNDA:0,_Z8memset_sPvii
FNDA:0,_Z8memset_lPvii
FNDA:0,_Z12memset_RGB24Pviiil
FNDA:0,_Z8ZB_clearP7ZBufferiiiiii
FNF:10
FNH:1
DA:12,1
DA:21,1
DA:22,1
DA:23,0
DA:25,1
DA:26,1
DA:27,1
DA:28,1
DA:31,1
DA:34,1
DA:36,1
DA:37,1
DA:38,0
DA:40,1
DA:41,1
DA:42,1
DA:43,0
DA:44,0
DA:46,1
DA:48,0
DA:49,0
DA:52,1
DA:54,1
DA:56,0
DA:57,0
DA:60,0
DA:63,0
DA:64,0
DA:66,0
DA:67,0
DA:68,0
DA:70,0
DA:75,0
DA:77,0
DA:78,0
DA:79,0
DA:81,0
DA:83,0
DA:84,0
DA:86,0
DA:87,0
DA:89,0
DA:90,0
DA:91,0
DA:93,0
DA:94,0
DA:96,0
DA:98,0
DA:106,0
DA:107,0
DA:108,0
DA:109,0
DA:110,0
DA:111,0
DA:112,0
DA:114,0
DA:292,0
DA:299,0
DA:300,0
DA:302,0
DA:303,0
DA:304,0
DA:305,0
DA:306,0
DA:307,0
DA:308,0
DA:309,0
DA:310,0
DA:311,0
DA:313,0
DA:315,0
DA:317,0
DA:320,0
DA:323,0
DA:324,0
DA:328,0
DA:329,0
DA:332,0
DA:334,0
DA:394,0
DA:400,0
DA:401,0
DA:403,0
DA:404,0
DA:405,0
DA:406,0
DA:407,0
DA:408,0
DA:409,0
DA:412,0
DA:413,0
DA:414,0
DA:415,0
DA:416,0
DA:418,0
DA:423,0
DA:424,0
DA:425,0
DA:426,0
DA:427,0
DA:428,0
DA:429,0
DA:430,0
DA:431,0
DA:434,0
DA:435,0
DA:436,0
DA:437,0
DA:440,0
DA:443,0
DA:444,0
DA:446,0
DA:449,0
DA:450,0
DA:451,0
DA:452,0
DA:454,0
DA:455,0
DA:456,0
DA:479,0
DA:481,0
DA:490,0
DA:491,0
DA:493,0
DA:494,0
DA:495,0
DA:503,0
DA:507,0
DA:510,0
LF:129
LH:17
end_of_record
TN:
SF:/disk2/graphdev/TLRender/Render3DRdc02/TyGL/select.cpp
FN:3,_Z12glRenderModei
FN:42,_Z14glSelectBufferiPj
FN:53,_Z13glopInitNamesP9GLContextP7GLParam
FN:61,_Z12glopPushNameP9GLContextP7GLParam
FN:70,_Z11glopPopNameP9GLContextP7GLParam
FN:79,_Z12glopLoadNameP9GLContextP7GLParam
FN:88,_Z13gl_add_selectP9GLContextjj
FNDA:0,_Z12glRenderModei
FNDA:0,_Z14glSelectBufferiPj
FNDA:0,_Z13glopInitNamesP9GLContextP7GLParam
FNDA:0,_Z12glopPushNameP9GLContextP7GLParam
FNDA:0,_Z11glopPopNameP9GLContextP7GLParam
FNDA:0,_Z12glopLoadNameP9GLContextP7GLParam
FNDA:0,_Z13gl_add_selectP9GLContextjj
FNF:7
FNH:0
DA:3,0
DA:5,0
DA:6,0
DA:8,0
DA:10,0
DA:12,0
DA:13,0
DA:15,0
DA:17,0
DA:18,0
DA:19,0
DA:20,0
DA:22,0
DA:24,0
DA:26,0
DA:27,0
DA:29,0
DA:30,0
DA:31,0
DA:32,0
DA:33,0
DA:34,0
DA:35,0
DA:37,0
DA:39,0
DA:42,0
DA:44,0
DA:46,0
DA:48,0
DA:49,0
DA:50,0
DA:53,0
DA:55,0
DA:56,0
DA:57,0
DA:59,0
DA:61,0
DA:63,0
DA:64,0
DA:65,0
DA:66,0
DA:68,0
DA:70,0
DA:72,0
DA:73,0
DA:74,0
DA:75,0
DA:77,0
DA:79,0
DA:81,0
DA:82,0
DA:83,0
DA:84,0
DA:86,0
DA:88,0
DA:93,0
DA:94,0
DA:95,0
DA:96,0
DA:97,0
DA:98,0
DA:100,0
DA:101,0
DA:102,0
DA:103,0
DA:104,0
DA:105,0
DA:106,0
DA:107,0
DA:110,0
DA:111,0
DA:114,0
LF:72
LH:0
end_of_record
TN:
SF:/disk2/graphdev/TLRender/Render3DRdc02/TyGL/arrays.cpp
FN:11,_Z16glopArrayElementP9GLContextP7GLParam
FN:55,_Z14glArrayElementi
FN:65,_Z21glopEnableClientStateP9GLContextP7GLParam
FN:71,_Z19glEnableClientStatei
FN:97,_Z22glopDisableClientStateP9GLContextP7GLParam
FN:103,_Z20glDisableClientStatei
FN:129,_Z17glopVertexPointerP9GLContextP7GLParam
FN:137,_Z15glVertexPointeriiiPKv
FN:150,_Z16glopColorPointerP9GLContextP7GLParam
FN:158,_Z14glColorPointeriiiPKv
FN:171,_Z17glopNormalPointerP9GLContextP7GLParam
FN:178,_Z15glNormalPointeriiPKv
FN:189,_Z19glopTexCoordPointerP9GLContextP7GLParam
FN:197,_Z17glTexCoordPointeriiiPKv
FNDA:0,_Z16glopArrayElementP9GLContextP7GLParam
FNDA:0,_Z14glArrayElementi
FNDA:0,_Z21glopEnableClientStateP9GLContextP7GLParam
FNDA:0,_Z19glEnableClientStatei
FNDA:0,_Z22glopDisableClientStateP9GLContextP7GLParam
FNDA:0,_Z20glDisableClientStatei
FNDA:0,_Z17glopVertexPointerP9GLContextP7GLParam
FNDA:0,_Z15glVertexPointeriiiPKv
FNDA:0,_Z16glopColorPointerP9GLContextP7GLParam
FNDA:0,_Z14glColorPointeriiiPKv
FNDA:0,_Z17glopNormalPointerP9GLContextP7GLParam
FNDA:0,_Z15glNormalPointeriiPKv
FNDA:0,_Z19glopTexCoordPointerP9GLContextP7GLParam
FNDA:0,_Z17glTexCoordPointeriiiPKv
FNF:14
FNH:0
DA:11,0
DA:14,0
DA:15,0
DA:17,0
DA:19,0
DA:20,0
DA:21,0
DA:22,0
DA:23,0
DA:24,0
DA:25,0
DA:27,0
DA:28,0
DA:29,0
DA:30,0
DA:31,0
DA:32,0
DA:34,0
DA:35,0
DA:36,0
DA:37,0
DA:38,0
DA:39,0
DA:40,0
DA:42,0
DA:44,0
DA:45,0
DA:46,0
DA:47,0
DA:48,0
DA:49,0
DA:50,0
DA:52,0
DA:55,0
DA:58,0
DA:59,0
DA:60,0
DA:61,0
DA:65,0
DA:67,0
DA:68,0
DA:71,0
DA:74,0
DA:76,0
DA:78,0
DA:79,0
DA:81,0
DA:82,0
DA:84,0
DA:85,0
DA:87,0
DA:88,0
DA:90,0
DA:93,0
DA:94,0
DA:97,0
DA:99,0
DA:100,0
DA:103,0
DA:106,0
DA:108,0
DA:110,0
DA:111,0
DA:113,0
DA:114,0
DA:116,0
DA:117,0
DA:119,0
DA:120,0
DA:122,0
DA:125,0
DA:126,0
DA:129,0
DA:131,0
DA:132,0
DA:133,0
DA:134,0
DA:137,0
DA:141,0
DA:142,0
DA:143,0
DA:144,0
DA:145,0
DA:146,0
DA:147,0
DA:150,0
DA:152,0
DA:153,0
DA:154,0
DA:155,0
DA:158,0
DA:162,0
DA:163,0
DA:164,0
DA:165,0
DA:166,0
DA:167,0
DA:168,0
DA:171,0
DA:173,0
DA:174,0
DA:175,0
DA:178,0
DA:182,0
DA:183,0
DA:184,0
DA:185,0
DA:186,0
DA:189,0
DA:191,0
DA:192,0
DA:193,0
DA:194,0
DA:197,0
DA:201,0
DA:202,0
DA:203,0
DA:204,0
DA:205,0
DA:206,0
LF:120
LH:0
end_of_record
TN:
SF:/disk2/graphdev/TLRender/Render3DRdc02/TyGL/glx.cpp
FN:23,_Z16glXCreateContextPvb
FN:38,_Z17glXDestroyContextPv
FN:54,_Z19glX_resize_viewportP9GLContextPiS1_
FN:92,_Z14glXSwapBuffersv
FN:124,_Z9glXWaitGLv
FN:128,_Z8glXWaitXv
FNDA:1,_Z16glXCreateContextPvb
FNDA:0,_Z17glXDestroyContextPv
FNDA:0,_Z19glX_resize_viewportP9GLContextPiS1_
FNDA:1,_Z14glXSwapBuffersv
FNDA:0,_Z9glXWaitGLv
FNDA:0,_Z8glXWaitXv
FNF:6
FNH:2
DA:23,1
DA:28,1
DA:29,0
DA:31,1
DA:32,1
DA:34,1
DA:38,0
DA:40,0
DA:41,0
DA:42,0
DA:44,0
DA:45,0
DA:54,0
DA:59,0
DA:61,0
DA:62,0
DA:66,0
DA:67,0
DA:69,0
DA:71,0
DA:72,0
DA:76,0
DA:77,0
DA:83,0
DA:84,0
DA:88,0
DA:92,1
DA:98,1
DA:99,1
DA:101,2
DA:102,1
DA:103,1
DA:104,1601
DA:106,1600
DA:107,1600
DA:108,2561600
DA:110,2560000
DA:112,2560000
DA:113,2560000
DA:114,2560000
DA:117,1
DA:118,2
DA:124,0
DA:126,0
DA:128,0
DA:130,0
LF:46
LH:21
end_of_record
SF:/disk2/graphdev/TLRender/Render3DRdc02/include/c24bitmap.h
FN:472,_ZN9C24BitMapC2Ev
FN:482,_ZN9C24BitMapD2Ev
FN:487,_ZN9C24BitMap7FormatFEii
FN:504,_ZN9C24BitMap4SaveEPc
FN:540,_Z13get_pix_colorR9C24BitMapii
FNDA:2,_ZN9C24BitMapC2Ev
FNDA:2,_ZN9C24BitMapD2Ev
FNDA:1,_ZN9C24BitMap7FormatFEii
FNDA:1,_ZN9C24BitMap4SaveEPc
FNDA:2560000,_Z13get_pix_colorR9C24BitMapii
FNF:5
FNH:5
DA:472,2
DA:474,2
DA:475,2
DA:476,2
DA:477,2
DA:478,2
DA:479,2
DA:480,2
DA:482,4
DA:484,2
DA:485,2
DA:487,1
DA:493,1
DA:495,1
DA:496,1
DA:497,1
DA:498,1
DA:499,1
DA:500,1
DA:501,1
DA:502,1
DA:504,1
DA:506,1
DA:507,1
DA:508,1
DA:509,1
DA:510,1
DA:511,1
DA:540,2560000
DA:541,2560000
DA:543,2560000
DA:544,2560000
DA:551,2560000
LF:33
LH:33
end_of_record
TN:
SF:/disk2/graphdev/TLRender/Render3DRdc02/TyGL/api.cpp
FN:5,_Z10glVertex4fffff
FN:18,_Z10glVertex2fff
FN:23,_Z10glVertex3ffff
FN:28,_Z11glVertex3fvPf
FN:35,_Z10glNormal3ffff
FN:47,_Z11glNormal3fvPf
FN:54,_Z9glColor4fffff
FN:73,_Z10glColor4fvPf
FN:92,_Z9glColor3ffff
FN:97,_Z10glColor3fvPf
FN:105,_Z12glTexCoord4fffff
FN:118,_Z12glTexCoord2fff
FN:123,_Z13glTexCoord2fvPf
FN:128,_Z10glEdgeFlagi
FN:140,_Z12glShadeModeli
FN:152,_Z10glCullFacei
FN:166,_Z11glFrontFacei
FN:180,_Z13glPolygonModeii
FN:199,_Z8glEnablei
FN:210,_Z9glDisablei
FN:223,_Z7glBegini
FN:233,_Z5glEndv
FN:244,_Z12glMatrixModei
FN:254,_Z13glLoadMatrixfPKf
FN:265,_Z14glLoadIdentityv
FN:274,_Z13glMultMatrixfPKf
FN:285,_Z12glPushMatrixv
FN:294,_Z11glPopMatrixv
FN:303,_Z9glRotatefffff
FN:316,_Z12glTranslateffff
FN:328,_Z8glScaleffff
FN:341,_Z10glViewportiiii
FN:354,_Z9glFrustumdddddd
FN:372,_Z12glMaterialfviiPf
FN:390,_Z11glMaterialfiif
FN:404,_Z15glColorMaterialii
FN:415,_Z9glLightfviiPf
FN:430,_Z8glLightfiif
FN:444,_Z13glLightModeliii
FN:457,_Z14glLightModelfviPf
FN:471,_Z7glCleari
FN:481,_Z12glClearColorffff
FN:494,_Z12glClearDepthd
FN:507,_Z12glTexImage2DiiiiiiiiPv
FN:528,_Z13glBindTextureii
FN:539,_Z9glTexEnviiii
FN:555,_Z15glTexParameteriiii
FN:571,_Z13glPixelStoreiii
FN:584,_Z11glInitNamesv
FN:593,_Z10glPushNamej
FN:603,_Z9glPopNamev
FN:612,_Z10glLoadNamej
FN:623,_Z15glPolygonOffsetff
FN:633,_Z10glCallListj
FN:643,_Z7glFlushv
FN:648,_Z6glHintii
FN:661,_Z7glDebugi
FNDA:218046,_Z10glVertex4fffff
FNDA:0,_Z10glVertex2fff
FNDA:217914,_Z10glVertex3ffff
FNDA:132,_Z11glVertex3fvPf
FNDA:217911,_Z10glNormal3ffff
FNDA:0,_Z11glNormal3fvPf
FNDA:1,_Z9glColor4fffff
FNDA:0,_Z10glColor4fvPf
FNDA:1,_Z9glColor3ffff
FNDA:0,_Z10glColor3fvPf
FNDA:9558,_Z12glTexCoord4fffff
FNDA:9558,_Z12glTexCoord2fff
FNDA:0,_Z13glTexCoord2fvPf
FNDA:0,_Z10glEdgeFlagi
FNDA:0,_Z12glShadeModeli
FNDA:0,_Z10glCullFacei
FNDA:0,_Z11glFrontFacei
FNDA:0,_Z13glPolygonModeii
FNDA:12,_Z8glEnablei
FNDA:1,_Z9glDisablei
FNDA:36,_Z7glBegini
FNDA:36,_Z5glEndv
FNDA:8,_Z12glMatrixModei
FNDA:0,_Z13glLoadMatrixfPKf
FNDA:8,_Z14glLoadIdentityv
FNDA:1,_Z13glMultMatrixfPKf
FNDA:0,_Z12glPushMatrixv
FNDA:0,_Z11glPopMatrixv
FNDA:0,_Z9glRotatefffff
FNDA:1,_Z12glTranslateffff
FNDA:1,_Z8glScaleffff
FNDA:3,_Z10glViewportiiii
FNDA:3,_Z9glFrustumdddddd
FNDA:12,_Z12glMaterialfviiPf
FNDA:4,_Z11glMaterialfiif
FNDA:0,_Z15glColorMaterialii
FNDA:6,_Z9glLightfviiPf
FNDA:0,_Z8glLightfiif
FNDA:0,_Z13glLightModeliii
FNDA:0,_Z14glLightModelfviPf
FNDA:0,_Z7glCleari
FNDA:0,_Z12glClearColorffff
FNDA:0,_Z12glClearDepthd
FNDA:1,_Z12glTexImage2DiiiiiiiiPv
FNDA:2,_Z13glBindTextureii
FNDA:0,_Z9glTexEnviiii
FNDA:4,_Z15glTexParameteriiii
FNDA:1,_Z13glPixelStoreiii
FNDA:0,_Z11glInitNamesv
FNDA:0,_Z10glPushNamej
FNDA:0,_Z9glPopNamev
FNDA:0,_Z10glLoadNamej
FNDA:0,_Z15glPolygonOffsetff
FNDA:0,_Z10glCallListj
FNDA:1,_Z7glFlushv
FNDA:0,_Z6glHintii
FNDA:0,_Z7glDebugi
FNF:57
FNH:27
DA:5,218046
DA:9,218046
DA:10,218046
DA:11,218046
DA:12,218046
DA:13,218046
DA:15,218046
DA:16,218046
DA:18,0
DA:20,0
DA:21,0
DA:23,217914
DA:25,217914
DA:26,217914
DA:28,132
DA:30,132
DA:31,132
DA:35,217911
DA:39,217911
DA:40,217911
DA:41,217911
DA:42,217911
DA:44,217911
DA:45,217911
DA:47,0
DA:49,0
DA:50,0
DA:54,1
DA:58,1
DA:59,1
DA:60,1
DA:61,1
DA:62,1
DA:64,1
DA:65,1
DA:66,1
DA:67,1
DA:68,1
DA:69,1
DA:70,1
DA:71,1
DA:73,0
DA:77,0
DA:78,0
DA:79,0
DA:80,0
DA:81,0
DA:83,0
DA:84,0
DA:85,0
DA:86,0
DA:87,0
DA:88,0
DA:89,0
DA:90,0
DA:92,1
DA:94,1
DA:95,1
DA:97,0
DA:99,0
DA:100,0
DA:105,9558
DA:109,9558
DA:110,9558
DA:111,9558
DA:112,9558
DA:113,9558
DA:115,9558
DA:116,9558
DA:118,9558
DA:120,9558
DA:121,9558
DA:123,0
DA:125,0
DA:126,0
DA:128,0
DA:132,0
DA:133,0
DA:135,0
DA:136,0
DA:140,0
DA:144,0
DA:146,0
DA:147,0
DA:149,0
DA:150,0
DA:152,0
DA:156,0
DA:158,0
DA:160,0
DA:161,0
DA:163,0
DA:164,0
DA:166,0
DA:170,0
DA:172,0
DA:174,0
DA:175,0
DA:177,0
DA:178,0
DA:180,0
DA:184,0
DA:186,0
DA:187,0
DA:189,0
DA:190,0
DA:191,0
DA:193,0
DA:194,0
DA:199,12
DA:203,12
DA:204,12
DA:205,12
DA:207,12
DA:208,12
DA:210,1
DA:214,1
DA:215,1
DA:216,1
DA:218,1
DA:219,1
DA:223,36
DA:227,36
DA:228,36
DA:230,36
DA:231,36
DA:233,36
DA:237,36
DA:239,36
DA:240,36
DA:244,8
DA:248,8
DA:249,8
DA:251,8
DA:252,8
DA:254,0
DA:259,0
DA:260,0
DA:262,0
DA:263,0
DA:265,8
DA:269,8
DA:271,8
DA:272,8
DA:274,1
DA:279,1
DA:280,1
DA:282,1
DA:283,1
DA:285,0
DA:289,0
DA:291,0
DA:292,0
DA:294,0
DA:298,0
DA:300,0
DA:301,0
DA:303,0
DA:307,0
DA:308,0
DA:309,0
DA:310,0
DA:311,0
DA:313,0
DA:314,0
DA:316,1
DA:320,1
DA:321,1
DA:322,1
DA:323,1
DA:325,1
DA:326,1
DA:328,1
DA:332,1
DA:333,1
DA:334,1
DA:335,1
DA:337,1
DA:338,1
DA:341,3
DA:345,3
DA:346,3
DA:347,3
DA:348,3
DA:349,3
DA:351,3
DA:352,3
DA:354,3
DA:359,3
DA:360,3
DA:361,3
DA:362,3
DA:363,3
DA:364,3
DA:365,3
DA:367,3
DA:368,3
DA:372,12
DA:377,12
DA:379,12
DA:380,12
DA:381,12
DA:382,12
DA:383,12
DA:384,12
DA:385,12
DA:387,12
DA:388,12
DA:390,4
DA:395,4
DA:396,4
DA:397,4
DA:398,4
DA:399,4
DA:401,4
DA:402,4
DA:404,0
DA:408,0
DA:409,0
DA:410,0
DA:412,0
DA:413,0
DA:415,6
DA:420,6
DA:421,6
DA:422,6
DA:424,6
DA:426,6
DA:427,6
DA:430,0
DA:435,0
DA:436,0
DA:437,0
DA:438,0
DA:439,0
DA:441,0
DA:442,0
DA:444,0
DA:449,0
DA:450,0
DA:451,0
DA:452,0
DA:454,0
DA:455,0
DA:457,0
DA:462,0
DA:463,0
DA:464,0
DA:466,0
DA:467,0
DA:471,0
DA:475,0
DA:476,0
DA:478,0
DA:479,0
DA:481,0
DA:485,0
DA:486,0
DA:487,0
DA:488,0
DA:489,0
DA:491,0
DA:492,0
DA:494,0
DA:498,0
DA:499,0
DA:501,0
DA:502,0
DA:507,1
DA:513,1
DA:514,1
DA:515,1
DA:516,1
DA:517,1
DA:518,1
DA:519,1
DA:520,1
DA:521,1
DA:522,1
DA:524,1
DA:525,1
DA:528,2
DA:532,2
DA:533,2
DA:534,2
DA:536,2
DA:537,2
DA:539,0
DA:543,0
DA:544,0
DA:545,0
DA:546,0
DA:547,0
DA:548,0
DA:549,0
DA:550,0
DA:552,0
DA:553,0
DA:555,4
DA:559,4
DA:560,4
DA:561,4
DA:562,4
DA:563,4
DA:564,4
DA:565,4
DA:566,4
DA:568,4
DA:569,4
DA:571,1
DA:575,1
DA:576,1
DA:577,1
DA:579,1
DA:580,1
DA:584,0
DA:588,0
DA:590,0
DA:591,0
DA:593,0
DA:597,0
DA:598,0
DA:600,0
DA:601,0
DA:603,0
DA:607,0
DA:609,0
DA:610,0
DA:612,0
DA:616,0
DA:617,0
DA:619,0
DA:620,0
DA:623,0
DA:626,0
DA:627,0
DA:628,0
DA:629,0
DA:633,0
DA:637,0
DA:638,0
DA:640,0
DA:641,0
DA:643,1
DA:646,1
DA:648,0
DA:652,0
DA:653,0
DA:654,0
DA:656,0
DA:657,0
DA:661,0
DA:663,0
DA:664,0
DA:665,0
LF:355
LH:180
end_of_record
